{"C:\\Users\\as920\\OneDrive\\Documents\\GitHub\\Frontend-InventoryManagement\\_mocks_\\fileMock.js": {"path":"C:\\Users\\as920\\OneDrive\\Documents\\GitHub\\Frontend-InventoryManagement\\_mocks_\\fileMock.js","statementMap":{"0":{"start":{"line":1,"column":0},"end":{"line":1,"column":20}}},"fnMap":{},"branchMap":{},"s":{"0":8},"f":{},"b":{},"_coverageSchema":"1a1c01bbd47fc00a2c39e90264f33305004495a9","hash":"650033037d46f366293b06eb47db335b03b4d5d4"}
,"C:\\Users\\as920\\OneDrive\\Documents\\GitHub\\Frontend-InventoryManagement\\src\\components\\Button\\Button.jsx": {"path":"C:\\Users\\as920\\OneDrive\\Documents\\GitHub\\Frontend-InventoryManagement\\src\\components\\Button\\Button.jsx","statementMap":{"0":{"start":{"line":4,"column":15},"end":{"line":34,"column":1}},"1":{"start":{"line":15,"column":24},"end":{"line":21,"column":29}},"2":{"start":{"line":23,"column":2},"end":{"line":33,"column":4}}},"fnMap":{"0":{"name":"(anonymous_0)","decl":{"start":{"line":4,"column":15},"end":{"line":4,"column":16}},"loc":{"start":{"line":14,"column":6},"end":{"line":34,"column":1}},"line":14}},"branchMap":{"0":{"loc":{"start":{"line":6,"column":2},"end":{"line":6,"column":17}},"type":"default-arg","locations":[{"start":{"line":6,"column":9},"end":{"line":6,"column":17}}],"line":6},"1":{"loc":{"start":{"line":7,"column":2},"end":{"line":7,"column":21}},"type":"default-arg","locations":[{"start":{"line":7,"column":12},"end":{"line":7,"column":21}}],"line":7},"2":{"loc":{"start":{"line":8,"column":2},"end":{"line":8,"column":17}},"type":"default-arg","locations":[{"start":{"line":8,"column":9},"end":{"line":8,"column":17}}],"line":8},"3":{"loc":{"start":{"line":9,"column":2},"end":{"line":9,"column":19}},"type":"default-arg","locations":[{"start":{"line":9,"column":14},"end":{"line":9,"column":19}}],"line":9},"4":{"loc":{"start":{"line":10,"column":2},"end":{"line":10,"column":18}},"type":"default-arg","locations":[{"start":{"line":10,"column":13},"end":{"line":10,"column":18}}],"line":10},"5":{"loc":{"start":{"line":12,"column":2},"end":{"line":12,"column":16}},"type":"default-arg","locations":[{"start":{"line":12,"column":14},"end":{"line":12,"column":16}}],"line":12},"6":{"loc":{"start":{"line":19,"column":4},"end":{"line":19,"column":48}},"type":"cond-expr","locations":[{"start":{"line":19,"column":16},"end":{"line":19,"column":43}},{"start":{"line":19,"column":46},"end":{"line":19,"column":48}}],"line":19}},"s":{"0":3,"1":5,"2":5},"f":{"0":5},"b":{"0":[5],"1":[4],"2":[4],"3":[4],"4":[4],"5":[5],"6":[1,4]},"_coverageSchema":"1a1c01bbd47fc00a2c39e90264f33305004495a9","hash":"726cec5041639817b8ca833471505bf1c5a3989d"}
,"C:\\Users\\as920\\OneDrive\\Documents\\GitHub\\Frontend-InventoryManagement\\src\\components\\Card\\Card.jsx": {"path":"C:\\Users\\as920\\OneDrive\\Documents\\GitHub\\Frontend-InventoryManagement\\src\\components\\Card\\Card.jsx","statementMap":{"0":{"start":{"line":4,"column":13},"end":{"line":33,"column":1}},"1":{"start":{"line":15,"column":2},"end":{"line":32,"column":4}}},"fnMap":{"0":{"name":"(anonymous_0)","decl":{"start":{"line":4,"column":13},"end":{"line":4,"column":14}},"loc":{"start":{"line":14,"column":6},"end":{"line":33,"column":1}},"line":14}},"branchMap":{"0":{"loc":{"start":{"line":9,"column":2},"end":{"line":9,"column":16}},"type":"default-arg","locations":[{"start":{"line":9,"column":14},"end":{"line":9,"column":16}}],"line":9},"1":{"loc":{"start":{"line":10,"column":2},"end":{"line":10,"column":22}},"type":"default-arg","locations":[{"start":{"line":10,"column":20},"end":{"line":10,"column":22}}],"line":10},"2":{"loc":{"start":{"line":11,"column":2},"end":{"line":11,"column":20}},"type":"default-arg","locations":[{"start":{"line":11,"column":18},"end":{"line":11,"column":20}}],"line":11},"3":{"loc":{"start":{"line":12,"column":2},"end":{"line":12,"column":22}},"type":"default-arg","locations":[{"start":{"line":12,"column":20},"end":{"line":12,"column":22}}],"line":12},"4":{"loc":{"start":{"line":17,"column":7},"end":{"line":22,"column":7}},"type":"binary-expr","locations":[{"start":{"line":17,"column":8},"end":{"line":17,"column":13}},{"start":{"line":17,"column":17},"end":{"line":17,"column":25}},{"start":{"line":18,"column":8},"end":{"line":21,"column":14}}],"line":17},"5":{"loc":{"start":{"line":19,"column":11},"end":{"line":19,"column":65}},"type":"binary-expr","locations":[{"start":{"line":19,"column":11},"end":{"line":19,"column":16}},{"start":{"line":19,"column":20},"end":{"line":19,"column":65}}],"line":19},"6":{"loc":{"start":{"line":20,"column":11},"end":{"line":20,"column":76}},"type":"binary-expr","locations":[{"start":{"line":20,"column":11},"end":{"line":20,"column":19}},{"start":{"line":20,"column":23},"end":{"line":20,"column":76}}],"line":20},"7":{"loc":{"start":{"line":26,"column":7},"end":{"line":30,"column":7}},"type":"binary-expr","locations":[{"start":{"line":26,"column":7},"end":{"line":26,"column":13}},{"start":{"line":27,"column":8},"end":{"line":29,"column":14}}],"line":26}},"s":{"0":1,"1":4},"f":{"0":4},"b":{"0":[3],"1":[3],"2":[3],"3":[3],"4":[4,2,2],"5":[2,2],"6":[2,1],"7":[4,2]},"_coverageSchema":"1a1c01bbd47fc00a2c39e90264f33305004495a9","hash":"94015bc2e88ff36443f4c6536e6f60d5f09d4425"}
,"C:\\Users\\as920\\OneDrive\\Documents\\GitHub\\Frontend-InventoryManagement\\src\\components\\Input\\Input.jsx": {"path":"C:\\Users\\as920\\OneDrive\\Documents\\GitHub\\Frontend-InventoryManagement\\src\\components\\Input\\Input.jsx","statementMap":{"0":{"start":{"line":4,"column":14},"end":{"line":42,"column":1}},"1":{"start":{"line":19,"column":2},"end":{"line":41,"column":4}}},"fnMap":{"0":{"name":"(anonymous_0)","decl":{"start":{"line":4,"column":14},"end":{"line":4,"column":15}},"loc":{"start":{"line":18,"column":6},"end":{"line":42,"column":1}},"line":18}},"branchMap":{"0":{"loc":{"start":{"line":6,"column":2},"end":{"line":6,"column":15}},"type":"default-arg","locations":[{"start":{"line":6,"column":9},"end":{"line":6,"column":15}}],"line":6},"1":{"loc":{"start":{"line":11,"column":2},"end":{"line":11,"column":18}},"type":"default-arg","locations":[{"start":{"line":11,"column":16},"end":{"line":11,"column":18}}],"line":11},"2":{"loc":{"start":{"line":12,"column":2},"end":{"line":12,"column":12}},"type":"default-arg","locations":[{"start":{"line":12,"column":10},"end":{"line":12,"column":12}}],"line":12},"3":{"loc":{"start":{"line":13,"column":2},"end":{"line":13,"column":18}},"type":"default-arg","locations":[{"start":{"line":13,"column":13},"end":{"line":13,"column":18}}],"line":13},"4":{"loc":{"start":{"line":14,"column":2},"end":{"line":14,"column":18}},"type":"default-arg","locations":[{"start":{"line":14,"column":13},"end":{"line":14,"column":18}}],"line":14},"5":{"loc":{"start":{"line":15,"column":2},"end":{"line":15,"column":18}},"type":"default-arg","locations":[{"start":{"line":15,"column":14},"end":{"line":15,"column":18}}],"line":15},"6":{"loc":{"start":{"line":16,"column":2},"end":{"line":16,"column":16}},"type":"default-arg","locations":[{"start":{"line":16,"column":14},"end":{"line":16,"column":16}}],"line":16},"7":{"loc":{"start":{"line":20,"column":43},"end":{"line":20,"column":76}},"type":"cond-expr","locations":[{"start":{"line":20,"column":55},"end":{"line":20,"column":71}},{"start":{"line":20,"column":74},"end":{"line":20,"column":76}}],"line":20},"8":{"loc":{"start":{"line":21,"column":7},"end":{"line":26,"column":7}},"type":"binary-expr","locations":[{"start":{"line":21,"column":7},"end":{"line":21,"column":12}},{"start":{"line":22,"column":8},"end":{"line":25,"column":16}}],"line":21},"9":{"loc":{"start":{"line":24,"column":11},"end":{"line":24,"column":65}},"type":"binary-expr","locations":[{"start":{"line":24,"column":11},"end":{"line":24,"column":19}},{"start":{"line":24,"column":23},"end":{"line":24,"column":65}}],"line":24},"10":{"loc":{"start":{"line":36,"column":38},"end":{"line":36,"column":68}},"type":"cond-expr","locations":[{"start":{"line":36,"column":46},"end":{"line":36,"column":63}},{"start":{"line":36,"column":66},"end":{"line":36,"column":68}}],"line":36},"11":{"loc":{"start":{"line":39,"column":7},"end":{"line":39,"column":66}},"type":"binary-expr","locations":[{"start":{"line":39,"column":7},"end":{"line":39,"column":12}},{"start":{"line":39,"column":16},"end":{"line":39,"column":66}}],"line":39}},"s":{"0":2,"1":6},"f":{"0":6},"b":{"0":[6],"1":[5],"2":[5],"3":[5],"4":[5],"5":[6],"6":[6],"7":[6,0],"8":[6,4],"9":[4,1],"10":[1,5],"11":[6,1]},"_coverageSchema":"1a1c01bbd47fc00a2c39e90264f33305004495a9","hash":"e4b1d9d2169858c9b3eb22b6be3edaa87bbde3ea"}
,"C:\\Users\\as920\\OneDrive\\Documents\\GitHub\\Frontend-InventoryManagement\\src\\components\\Notification\\Notification.jsx": {"path":"C:\\Users\\as920\\OneDrive\\Documents\\GitHub\\Frontend-InventoryManagement\\src\\components\\Notification\\Notification.jsx","statementMap":{"0":{"start":{"line":6,"column":21},"end":{"line":15,"column":1}},"1":{"start":{"line":7,"column":2},"end":{"line":14,"column":8}}},"fnMap":{"0":{"name":"(anonymous_0)","decl":{"start":{"line":6,"column":21},"end":{"line":6,"column":22}},"loc":{"start":{"line":7,"column":2},"end":{"line":14,"column":8}},"line":7}},"branchMap":{"0":{"loc":{"start":{"line":6,"column":24},"end":{"line":6,"column":33}},"type":"default-arg","locations":[{"start":{"line":6,"column":32},"end":{"line":6,"column":33}}],"line":6},"1":{"loc":{"start":{"line":13,"column":5},"end":{"line":13,"column":63}},"type":"binary-expr","locations":[{"start":{"line":13,"column":5},"end":{"line":13,"column":14}},{"start":{"line":13,"column":18},"end":{"line":13,"column":63}}],"line":13}},"s":{"0":1,"1":4},"f":{"0":4},"b":{"0":[1],"1":[4,2]},"_coverageSchema":"1a1c01bbd47fc00a2c39e90264f33305004495a9","hash":"cc7bc9221a3e691fd1e8f8d66d524e04155ef0c4"}
,"C:\\Users\\as920\\OneDrive\\Documents\\GitHub\\Frontend-InventoryManagement\\src\\components\\Table\\Table.jsx": {"path":"C:\\Users\\as920\\OneDrive\\Documents\\GitHub\\Frontend-InventoryManagement\\src\\components\\Table\\Table.jsx","statementMap":{"0":{"start":{"line":4,"column":14},"end":{"line":64,"column":1}},"1":{"start":{"line":13,"column":2},"end":{"line":20,"column":3}},"2":{"start":{"line":14,"column":4},"end":{"line":19,"column":6}},"3":{"start":{"line":22,"column":2},"end":{"line":28,"column":3}},"4":{"start":{"line":23,"column":4},"end":{"line":27,"column":6}},"5":{"start":{"line":30,"column":2},"end":{"line":63,"column":4}},"6":{"start":{"line":36,"column":14},"end":{"line":42,"column":19}},"7":{"start":{"line":48,"column":12},"end":{"line":58,"column":17}},"8":{"start":{"line":51,"column":29},"end":{"line":51,"column":58}},"9":{"start":{"line":54,"column":16},"end":{"line":56,"column":21}}},"fnMap":{"0":{"name":"(anonymous_0)","decl":{"start":{"line":4,"column":14},"end":{"line":4,"column":15}},"loc":{"start":{"line":12,"column":6},"end":{"line":64,"column":1}},"line":12},"1":{"name":"(anonymous_1)","decl":{"start":{"line":35,"column":25},"end":{"line":35,"column":26}},"loc":{"start":{"line":36,"column":14},"end":{"line":42,"column":19}},"line":36},"2":{"name":"(anonymous_2)","decl":{"start":{"line":47,"column":20},"end":{"line":47,"column":21}},"loc":{"start":{"line":48,"column":12},"end":{"line":58,"column":17}},"line":48},"3":{"name":"(anonymous_3)","decl":{"start":{"line":51,"column":23},"end":{"line":51,"column":24}},"loc":{"start":{"line":51,"column":29},"end":{"line":51,"column":58}},"line":51},"4":{"name":"(anonymous_4)","decl":{"start":{"line":53,"column":27},"end":{"line":53,"column":28}},"loc":{"start":{"line":54,"column":16},"end":{"line":56,"column":21}},"line":54}},"branchMap":{"0":{"loc":{"start":{"line":8,"column":2},"end":{"line":8,"column":19}},"type":"default-arg","locations":[{"start":{"line":8,"column":14},"end":{"line":8,"column":19}}],"line":8},"1":{"loc":{"start":{"line":9,"column":2},"end":{"line":9,"column":36}},"type":"default-arg","locations":[{"start":{"line":9,"column":17},"end":{"line":9,"column":36}}],"line":9},"2":{"loc":{"start":{"line":10,"column":2},"end":{"line":10,"column":16}},"type":"default-arg","locations":[{"start":{"line":10,"column":14},"end":{"line":10,"column":16}}],"line":10},"3":{"loc":{"start":{"line":13,"column":2},"end":{"line":20,"column":3}},"type":"if","locations":[{"start":{"line":13,"column":2},"end":{"line":20,"column":3}},{"start":{},"end":{}}],"line":13},"4":{"loc":{"start":{"line":22,"column":2},"end":{"line":28,"column":3}},"type":"if","locations":[{"start":{"line":22,"column":2},"end":{"line":28,"column":3}},{"start":{},"end":{}}],"line":22},"5":{"loc":{"start":{"line":22,"column":6},"end":{"line":22,"column":32}},"type":"binary-expr","locations":[{"start":{"line":22,"column":6},"end":{"line":22,"column":11}},{"start":{"line":22,"column":15},"end":{"line":22,"column":32}}],"line":22},"6":{"loc":{"start":{"line":39,"column":32},"end":{"line":39,"column":54}},"type":"binary-expr","locations":[{"start":{"line":39,"column":32},"end":{"line":39,"column":44}},{"start":{"line":39,"column":48},"end":{"line":39,"column":54}}],"line":39},"7":{"loc":{"start":{"line":50,"column":47},"end":{"line":50,"column":81}},"type":"cond-expr","locations":[{"start":{"line":50,"column":60},"end":{"line":50,"column":76}},{"start":{"line":50,"column":79},"end":{"line":50,"column":81}}],"line":50},"8":{"loc":{"start":{"line":51,"column":29},"end":{"line":51,"column":58}},"type":"binary-expr","locations":[{"start":{"line":51,"column":29},"end":{"line":51,"column":39}},{"start":{"line":51,"column":43},"end":{"line":51,"column":58}}],"line":51},"9":{"loc":{"start":{"line":55,"column":19},"end":{"line":55,"column":76}},"type":"cond-expr","locations":[{"start":{"line":55,"column":35},"end":{"line":55,"column":53}},{"start":{"line":55,"column":56},"end":{"line":55,"column":76}}],"line":55}},"s":{"0":1,"1":5,"2":1,"3":4,"4":1,"5":3,"6":5,"7":5,"8":1,"9":9},"f":{"0":5,"1":5,"2":5,"3":1,"4":9},"b":{"0":[3],"1":[5],"2":[5],"3":[1,4],"4":[1,3],"5":[4,4],"6":[5,5],"7":[2,3],"8":[1,1],"9":[1,8]},"_coverageSchema":"1a1c01bbd47fc00a2c39e90264f33305004495a9","hash":"53a82eec8d488610c0e799555cc38f44ca0fa2ab"}
,"C:\\Users\\as920\\OneDrive\\Documents\\GitHub\\Frontend-InventoryManagement\\src\\components\\Ui\\ShadDropdown.jsx": {"path":"C:\\Users\\as920\\OneDrive\\Documents\\GitHub\\Frontend-InventoryManagement\\src\\components\\Ui\\ShadDropdown.jsx","statementMap":{"0":{"start":{"line":4,"column":21},"end":{"line":74,"column":1}},"1":{"start":{"line":5,"column":26},"end":{"line":5,"column":41}},"2":{"start":{"line":6,"column":21},"end":{"line":6,"column":33}},"3":{"start":{"line":7,"column":36},"end":{"line":7,"column":49}},"4":{"start":{"line":9,"column":2},"end":{"line":13,"column":13}},"5":{"start":{"line":10,"column":4},"end":{"line":12,"column":5}},"6":{"start":{"line":11,"column":6},"end":{"line":11,"column":51}},"7":{"start":{"line":15,"column":2},"end":{"line":73,"column":4}},"8":{"start":{"line":22,"column":25},"end":{"line":22,"column":39}},"9":{"start":{"line":57,"column":28},"end":{"line":57,"column":40}},"10":{"start":{"line":62,"column":12},"end":{"line":68,"column":32}},"11":{"start":{"line":65,"column":30},"end":{"line":65,"column":44}}},"fnMap":{"0":{"name":"(anonymous_0)","decl":{"start":{"line":4,"column":21},"end":{"line":4,"column":22}},"loc":{"start":{"line":4,"column":90},"end":{"line":74,"column":1}},"line":4},"1":{"name":"(anonymous_1)","decl":{"start":{"line":9,"column":18},"end":{"line":9,"column":19}},"loc":{"start":{"line":9,"column":24},"end":{"line":13,"column":3}},"line":9},"2":{"name":"(anonymous_2)","decl":{"start":{"line":22,"column":19},"end":{"line":22,"column":20}},"loc":{"start":{"line":22,"column":25},"end":{"line":22,"column":39}},"line":22},"3":{"name":"(anonymous_3)","decl":{"start":{"line":57,"column":22},"end":{"line":57,"column":23}},"loc":{"start":{"line":57,"column":28},"end":{"line":57,"column":40}},"line":57},"4":{"name":"(anonymous_4)","decl":{"start":{"line":61,"column":21},"end":{"line":61,"column":22}},"loc":{"start":{"line":62,"column":12},"end":{"line":68,"column":32}},"line":62},"5":{"name":"(anonymous_5)","decl":{"start":{"line":65,"column":24},"end":{"line":65,"column":25}},"loc":{"start":{"line":65,"column":30},"end":{"line":65,"column":44}},"line":65}},"branchMap":{"0":{"loc":{"start":{"line":4,"column":24},"end":{"line":4,"column":34}},"type":"default-arg","locations":[{"start":{"line":4,"column":32},"end":{"line":4,"column":34}}],"line":4},"1":{"loc":{"start":{"line":4,"column":53},"end":{"line":4,"column":83}},"type":"default-arg","locations":[{"start":{"line":4,"column":67},"end":{"line":4,"column":83}}],"line":4},"2":{"loc":{"start":{"line":10,"column":4},"end":{"line":12,"column":5}},"type":"if","locations":[{"start":{"line":10,"column":4},"end":{"line":12,"column":5}},{"start":{},"end":{}}],"line":10},"3":{"loc":{"start":{"line":17,"column":7},"end":{"line":24,"column":7}},"type":"binary-expr","locations":[{"start":{"line":17,"column":7},"end":{"line":17,"column":11}},{"start":{"line":18,"column":8},"end":{"line":23,"column":10}}],"line":17},"4":{"loc":{"start":{"line":33,"column":19},"end":{"line":33,"column":39}},"type":"binary-expr","locations":[{"start":{"line":33,"column":19},"end":{"line":33,"column":24}},{"start":{"line":33,"column":28},"end":{"line":33,"column":39}}],"line":33},"5":{"loc":{"start":{"line":41,"column":15},"end":{"line":45,"column":15}},"type":"cond-expr","locations":[{"start":{"line":42,"column":16},"end":{"line":42,"column":124}},{"start":{"line":44,"column":16},"end":{"line":44,"column":124}}],"line":41}},"s":{"0":1,"1":0,"2":0,"3":0,"4":0,"5":0,"6":0,"7":0,"8":0,"9":0,"10":0,"11":0},"f":{"0":0,"1":0,"2":0,"3":0,"4":0,"5":0},"b":{"0":[0],"1":[0],"2":[0,0],"3":[0,0],"4":[0,0],"5":[0,0]},"_coverageSchema":"1a1c01bbd47fc00a2c39e90264f33305004495a9","hash":"d95c58847b768defc44d2517ec6ea005cf7e2392"}
,"C:\\Users\\as920\\OneDrive\\Documents\\GitHub\\Frontend-InventoryManagement\\src\\pages\\AddProduct\\AddProductModal.jsx": {"path":"C:\\Users\\as920\\OneDrive\\Documents\\GitHub\\Frontend-InventoryManagement\\src\\pages\\AddProduct\\AddProductModal.jsx","statementMap":{"0":{"start":{"line":11,"column":0},"end":{"line":11,"column":29}},"1":{"start":{"line":14,"column":19},"end":{"line":14,"column":32}},"2":{"start":{"line":16,"column":26},"end":{"line":21,"column":4}},"3":{"start":{"line":23,"column":34},"end":{"line":23,"column":49}},"4":{"start":{"line":24,"column":46},"end":{"line":24,"column":58}},"5":{"start":{"line":25,"column":54},"end":{"line":25,"column":69}},"6":{"start":{"line":26,"column":28},"end":{"line":26,"column":40}},"7":{"start":{"line":28,"column":24},"end":{"line":34,"column":3}},"8":{"start":{"line":37,"column":24},"end":{"line":37,"column":72}},"9":{"start":{"line":37,"column":33},"end":{"line":37,"column":72}},"10":{"start":{"line":38,"column":22},"end":{"line":38,"column":68}},"11":{"start":{"line":38,"column":31},"end":{"line":38,"column":68}},"12":{"start":{"line":40,"column":2},"end":{"line":47,"column":15}},"13":{"start":{"line":41,"column":4},"end":{"line":46,"column":5}},"14":{"start":{"line":42,"column":6},"end":{"line":42,"column":66}},"15":{"start":{"line":43,"column":6},"end":{"line":43,"column":19}},"16":{"start":{"line":44,"column":6},"end":{"line":44,"column":35}},"17":{"start":{"line":45,"column":6},"end":{"line":45,"column":28}},"18":{"start":{"line":49,"column":23},"end":{"line":51,"column":3}},"19":{"start":{"line":50,"column":4},"end":{"line":50,"column":58}},"20":{"start":{"line":53,"column":31},"end":{"line":55,"column":3}},"21":{"start":{"line":54,"column":4},"end":{"line":54,"column":42}},"22":{"start":{"line":57,"column":32},"end":{"line":126,"column":3}},"23":{"start":{"line":58,"column":4},"end":{"line":58,"column":17}},"24":{"start":{"line":59,"column":4},"end":{"line":59,"column":22}},"25":{"start":{"line":60,"column":4},"end":{"line":125,"column":5}},"26":{"start":{"line":61,"column":33},"end":{"line":61,"column":37}},"27":{"start":{"line":62,"column":25},"end":{"line":62,"column":57}},"28":{"start":{"line":63,"column":30},"end":{"line":65,"column":7}},"29":{"start":{"line":64,"column":15},"end":{"line":64,"column":70}},"30":{"start":{"line":67,"column":6},"end":{"line":119,"column":7}},"31":{"start":{"line":68,"column":29},"end":{"line":68,"column":62}},"32":{"start":{"line":69,"column":41},"end":{"line":73,"column":9}},"33":{"start":{"line":71,"column":12},"end":{"line":72,"column":42}},"34":{"start":{"line":75,"column":8},"end":{"line":79,"column":9}},"35":{"start":{"line":76,"column":10},"end":{"line":76,"column":68}},"36":{"start":{"line":77,"column":10},"end":{"line":77,"column":29}},"37":{"start":{"line":78,"column":10},"end":{"line":78,"column":17}},"38":{"start":{"line":81,"column":28},"end":{"line":85,"column":9}},"39":{"start":{"line":83,"column":12},"end":{"line":84,"column":42}},"40":{"start":{"line":87,"column":8},"end":{"line":100,"column":9}},"41":{"start":{"line":88,"column":10},"end":{"line":88,"column":41}},"42":{"start":{"line":89,"column":10},"end":{"line":89,"column":38}},"43":{"start":{"line":91,"column":10},"end":{"line":96,"column":13}},"44":{"start":{"line":97,"column":10},"end":{"line":97,"column":28}},"45":{"start":{"line":98,"column":10},"end":{"line":98,"column":20}},"46":{"start":{"line":99,"column":10},"end":{"line":99,"column":55}},"47":{"start":{"line":102,"column":31},"end":{"line":107,"column":10}},"48":{"start":{"line":109,"column":8},"end":{"line":114,"column":11}},"49":{"start":{"line":116,"column":8},"end":{"line":116,"column":26}},"50":{"start":{"line":117,"column":8},"end":{"line":117,"column":18}},"51":{"start":{"line":118,"column":8},"end":{"line":118,"column":69}},"52":{"start":{"line":121,"column":6},"end":{"line":121,"column":54}},"53":{"start":{"line":122,"column":6},"end":{"line":122,"column":51}},"54":{"start":{"line":124,"column":6},"end":{"line":124,"column":25}},"55":{"start":{"line":128,"column":25},"end":{"line":137,"column":3}},"56":{"start":{"line":129,"column":4},"end":{"line":136,"column":7}},"57":{"start":{"line":139,"column":2},"end":{"line":245,"column":4}},"58":{"start":{"line":193,"column":12},"end":{"line":200,"column":18}},"59":{"start":{"line":197,"column":55},"end":{"line":197,"column":76}},"60":{"start":{"line":206,"column":16},"end":{"line":223,"column":17}},"61":{"start":{"line":207,"column":34},"end":{"line":207,"column":66}},"62":{"start":{"line":208,"column":34},"end":{"line":210,"column":19}},"63":{"start":{"line":209,"column":27},"end":{"line":209,"column":45}},"64":{"start":{"line":211,"column":18},"end":{"line":216,"column":21}},"65":{"start":{"line":217,"column":18},"end":{"line":217,"column":36}},"66":{"start":{"line":218,"column":18},"end":{"line":218,"column":28}},"67":{"start":{"line":219,"column":18},"end":{"line":219,"column":54}},"68":{"start":{"line":221,"column":18},"end":{"line":221,"column":64}},"69":{"start":{"line":222,"column":18},"end":{"line":222,"column":67}}},"fnMap":{"0":{"name":"AddProductModal","decl":{"start":{"line":13,"column":9},"end":{"line":13,"column":24}},"loc":{"start":{"line":13,"column":72},"end":{"line":246,"column":1}},"line":13},"1":{"name":"(anonymous_1)","decl":{"start":{"line":37,"column":24},"end":{"line":37,"column":25}},"loc":{"start":{"line":37,"column":33},"end":{"line":37,"column":72}},"line":37},"2":{"name":"(anonymous_2)","decl":{"start":{"line":38,"column":22},"end":{"line":38,"column":23}},"loc":{"start":{"line":38,"column":31},"end":{"line":38,"column":68}},"line":38},"3":{"name":"(anonymous_3)","decl":{"start":{"line":40,"column":12},"end":{"line":40,"column":13}},"loc":{"start":{"line":40,"column":18},"end":{"line":47,"column":3}},"line":40},"4":{"name":"(anonymous_4)","decl":{"start":{"line":49,"column":23},"end":{"line":49,"column":24}},"loc":{"start":{"line":49,"column":30},"end":{"line":51,"column":3}},"line":49},"5":{"name":"(anonymous_5)","decl":{"start":{"line":53,"column":31},"end":{"line":53,"column":32}},"loc":{"start":{"line":53,"column":42},"end":{"line":55,"column":3}},"line":53},"6":{"name":"(anonymous_6)","decl":{"start":{"line":57,"column":32},"end":{"line":57,"column":33}},"loc":{"start":{"line":57,"column":44},"end":{"line":126,"column":3}},"line":57},"7":{"name":"(anonymous_7)","decl":{"start":{"line":64,"column":8},"end":{"line":64,"column":9}},"loc":{"start":{"line":64,"column":15},"end":{"line":64,"column":70}},"line":64},"8":{"name":"(anonymous_8)","decl":{"start":{"line":70,"column":10},"end":{"line":70,"column":11}},"loc":{"start":{"line":71,"column":12},"end":{"line":72,"column":42}},"line":71},"9":{"name":"(anonymous_9)","decl":{"start":{"line":82,"column":10},"end":{"line":82,"column":11}},"loc":{"start":{"line":83,"column":12},"end":{"line":84,"column":42}},"line":83},"10":{"name":"(anonymous_10)","decl":{"start":{"line":128,"column":25},"end":{"line":128,"column":26}},"loc":{"start":{"line":128,"column":36},"end":{"line":137,"column":3}},"line":128},"11":{"name":"(anonymous_11)","decl":{"start":{"line":192,"column":30},"end":{"line":192,"column":31}},"loc":{"start":{"line":193,"column":12},"end":{"line":200,"column":18}},"line":193},"12":{"name":"(anonymous_12)","decl":{"start":{"line":197,"column":49},"end":{"line":197,"column":50}},"loc":{"start":{"line":197,"column":55},"end":{"line":197,"column":76}},"line":197},"13":{"name":"(anonymous_13)","decl":{"start":{"line":205,"column":23},"end":{"line":205,"column":24}},"loc":{"start":{"line":205,"column":35},"end":{"line":224,"column":15}},"line":205},"14":{"name":"(anonymous_14)","decl":{"start":{"line":209,"column":20},"end":{"line":209,"column":21}},"loc":{"start":{"line":209,"column":27},"end":{"line":209,"column":45}},"line":209}},"branchMap":{"0":{"loc":{"start":{"line":41,"column":4},"end":{"line":46,"column":5}},"type":"if","locations":[{"start":{"line":41,"column":4},"end":{"line":46,"column":5}},{"start":{},"end":{}}],"line":41},"1":{"loc":{"start":{"line":67,"column":6},"end":{"line":119,"column":7}},"type":"if","locations":[{"start":{"line":67,"column":6},"end":{"line":119,"column":7}},{"start":{"line":101,"column":13},"end":{"line":119,"column":7}}],"line":67},"2":{"loc":{"start":{"line":71,"column":12},"end":{"line":72,"column":42}},"type":"binary-expr","locations":[{"start":{"line":71,"column":12},"end":{"line":71,"column":64}},{"start":{"line":72,"column":12},"end":{"line":72,"column":42}}],"line":71},"3":{"loc":{"start":{"line":75,"column":8},"end":{"line":79,"column":9}},"type":"if","locations":[{"start":{"line":75,"column":8},"end":{"line":79,"column":9}},{"start":{},"end":{}}],"line":75},"4":{"loc":{"start":{"line":83,"column":12},"end":{"line":84,"column":42}},"type":"binary-expr","locations":[{"start":{"line":83,"column":12},"end":{"line":83,"column":64}},{"start":{"line":84,"column":12},"end":{"line":84,"column":42}}],"line":83},"5":{"loc":{"start":{"line":87,"column":8},"end":{"line":100,"column":9}},"type":"if","locations":[{"start":{"line":87,"column":8},"end":{"line":100,"column":9}},{"start":{"line":90,"column":15},"end":{"line":100,"column":9}}],"line":87},"6":{"loc":{"start":{"line":186,"column":7},"end":{"line":186,"column":59}},"type":"binary-expr","locations":[{"start":{"line":186,"column":7},"end":{"line":186,"column":12}},{"start":{"line":186,"column":16},"end":{"line":186,"column":59}}],"line":186},"7":{"loc":{"start":{"line":189,"column":7},"end":{"line":243,"column":7}},"type":"cond-expr","locations":[{"start":{"line":190,"column":8},"end":{"line":229,"column":14}},{"start":{"line":231,"column":8},"end":{"line":242,"column":14}}],"line":189},"8":{"loc":{"start":{"line":237,"column":13},"end":{"line":237,"column":45}},"type":"cond-expr","locations":[{"start":{"line":237,"column":24},"end":{"line":237,"column":37}},{"start":{"line":237,"column":40},"end":{"line":237,"column":45}}],"line":237}},"s":{"0":1,"1":6,"2":6,"3":6,"4":6,"5":6,"6":6,"7":6,"8":6,"9":0,"10":6,"11":0,"12":6,"13":0,"14":0,"15":0,"16":0,"17":0,"18":6,"19":0,"20":6,"21":0,"22":6,"23":0,"24":0,"25":0,"26":0,"27":0,"28":0,"29":0,"30":0,"31":0,"32":0,"33":0,"34":0,"35":0,"36":0,"37":0,"38":0,"39":0,"40":0,"41":0,"42":0,"43":0,"44":0,"45":0,"46":0,"47":0,"48":0,"49":0,"50":0,"51":0,"52":0,"53":0,"54":0,"55":6,"56":0,"57":6,"58":0,"59":0,"60":0,"61":0,"62":0,"63":0,"64":0,"65":0,"66":0,"67":0,"68":0,"69":0},"f":{"0":6,"1":0,"2":0,"3":0,"4":0,"5":0,"6":0,"7":0,"8":0,"9":0,"10":0,"11":0,"12":0,"13":0,"14":0},"b":{"0":[0,0],"1":[0,0],"2":[0,0],"3":[0,0],"4":[0,0],"5":[0,0],"6":[6,0],"7":[0,6],"8":[0,6]},"_coverageSchema":"1a1c01bbd47fc00a2c39e90264f33305004495a9","hash":"4dfc0cd21af646b27f747481bbd378c94c62934d"}
,"C:\\Users\\as920\\OneDrive\\Documents\\GitHub\\Frontend-InventoryManagement\\src\\pages\\ChangeLog\\ChangeLog.jsx": {"path":"C:\\Users\\as920\\OneDrive\\Documents\\GitHub\\Frontend-InventoryManagement\\src\\pages\\ChangeLog\\ChangeLog.jsx","statementMap":{"0":{"start":{"line":10,"column":18},"end":{"line":235,"column":1}},"1":{"start":{"line":11,"column":32},"end":{"line":11,"column":44}},"2":{"start":{"line":12,"column":36},"end":{"line":12,"column":50}},"3":{"start":{"line":13,"column":32},"end":{"line":18,"column":4}},"4":{"start":{"line":20,"column":18},"end":{"line":78,"column":3}},"5":{"start":{"line":25,"column":21},"end":{"line":25,"column":44}},"6":{"start":{"line":26,"column":8},"end":{"line":31,"column":10}},"7":{"start":{"line":37,"column":23},"end":{"line":37,"column":51}},"8":{"start":{"line":43,"column":25},"end":{"line":48,"column":9}},"9":{"start":{"line":50,"column":8},"end":{"line":55,"column":10}},"10":{"start":{"line":62,"column":27},"end":{"line":62,"column":43}},"11":{"start":{"line":63,"column":8},"end":{"line":65,"column":10}},"12":{"start":{"line":72,"column":8},"end":{"line":75,"column":14}},"13":{"start":{"line":80,"column":22},"end":{"line":80,"column":60}},"14":{"start":{"line":82,"column":2},"end":{"line":138,"column":9}},"15":{"start":{"line":83,"column":25},"end":{"line":135,"column":5}},"16":{"start":{"line":84,"column":6},"end":{"line":84,"column":25}},"17":{"start":{"line":85,"column":6},"end":{"line":134,"column":7}},"18":{"start":{"line":86,"column":21},"end":{"line":86,"column":49}},"19":{"start":{"line":87,"column":21},"end":{"line":87,"column":42}},"20":{"start":{"line":88,"column":22},"end":{"line":88,"column":44}},"21":{"start":{"line":89,"column":24},"end":{"line":89,"column":37}},"22":{"start":{"line":90,"column":23},"end":{"line":90,"column":35}},"23":{"start":{"line":92,"column":24},"end":{"line":92,"column":60}},"24":{"start":{"line":94,"column":45},"end":{"line":97,"column":10}},"25":{"start":{"line":99,"column":26},"end":{"line":113,"column":13}},"26":{"start":{"line":101,"column":12},"end":{"line":102,"column":106}},"27":{"start":{"line":104,"column":24},"end":{"line":113,"column":11}},"28":{"start":{"line":115,"column":28},"end":{"line":126,"column":13}},"29":{"start":{"line":116,"column":26},"end":{"line":116,"column":74}},"30":{"start":{"line":117,"column":24},"end":{"line":126,"column":11}},"31":{"start":{"line":128,"column":29},"end":{"line":128,"column":121}},"32":{"start":{"line":128,"column":75},"end":{"line":128,"column":120}},"33":{"start":{"line":129,"column":8},"end":{"line":129,"column":33}},"34":{"start":{"line":131,"column":8},"end":{"line":131,"column":53}},"35":{"start":{"line":133,"column":8},"end":{"line":133,"column":28}},"36":{"start":{"line":137,"column":4},"end":{"line":137,"column":19}},"37":{"start":{"line":140,"column":29},"end":{"line":143,"column":3}},"38":{"start":{"line":141,"column":28},"end":{"line":141,"column":36}},"39":{"start":{"line":142,"column":4},"end":{"line":142,"column":55}},"40":{"start":{"line":142,"column":26},"end":{"line":142,"column":52}},"41":{"start":{"line":145,"column":23},"end":{"line":159,"column":4}},"42":{"start":{"line":147,"column":6},"end":{"line":150,"column":76}},"43":{"start":{"line":152,"column":26},"end":{"line":152,"column":89}},"44":{"start":{"line":154,"column":21},"end":{"line":154,"column":45}},"45":{"start":{"line":155,"column":28},"end":{"line":155,"column":93}},"46":{"start":{"line":156,"column":26},"end":{"line":156,"column":101}},"47":{"start":{"line":158,"column":4},"end":{"line":158,"column":78}},"48":{"start":{"line":161,"column":2},"end":{"line":234,"column":4}},"49":{"start":{"line":193,"column":18},"end":{"line":193,"column":71}}},"fnMap":{"0":{"name":"(anonymous_0)","decl":{"start":{"line":10,"column":18},"end":{"line":10,"column":19}},"loc":{"start":{"line":10,"column":24},"end":{"line":235,"column":1}},"line":10},"1":{"name":"(anonymous_1)","decl":{"start":{"line":24,"column":14},"end":{"line":24,"column":15}},"loc":{"start":{"line":24,"column":23},"end":{"line":32,"column":7}},"line":24},"2":{"name":"(anonymous_2)","decl":{"start":{"line":37,"column":14},"end":{"line":37,"column":15}},"loc":{"start":{"line":37,"column":23},"end":{"line":37,"column":51}},"line":37},"3":{"name":"(anonymous_3)","decl":{"start":{"line":42,"column":14},"end":{"line":42,"column":15}},"loc":{"start":{"line":42,"column":23},"end":{"line":56,"column":7}},"line":42},"4":{"name":"(anonymous_4)","decl":{"start":{"line":61,"column":14},"end":{"line":61,"column":15}},"loc":{"start":{"line":61,"column":23},"end":{"line":66,"column":7}},"line":61},"5":{"name":"(anonymous_5)","decl":{"start":{"line":71,"column":14},"end":{"line":71,"column":15}},"loc":{"start":{"line":72,"column":8},"end":{"line":75,"column":14}},"line":72},"6":{"name":"(anonymous_6)","decl":{"start":{"line":82,"column":12},"end":{"line":82,"column":13}},"loc":{"start":{"line":82,"column":18},"end":{"line":138,"column":3}},"line":82},"7":{"name":"(anonymous_7)","decl":{"start":{"line":83,"column":25},"end":{"line":83,"column":26}},"loc":{"start":{"line":83,"column":37},"end":{"line":135,"column":5}},"line":83},"8":{"name":"(anonymous_8)","decl":{"start":{"line":100,"column":18},"end":{"line":100,"column":19}},"loc":{"start":{"line":101,"column":12},"end":{"line":102,"column":106}},"line":101},"9":{"name":"(anonymous_9)","decl":{"start":{"line":104,"column":15},"end":{"line":104,"column":16}},"loc":{"start":{"line":104,"column":24},"end":{"line":113,"column":11}},"line":104},"10":{"name":"(anonymous_10)","decl":{"start":{"line":116,"column":18},"end":{"line":116,"column":19}},"loc":{"start":{"line":116,"column":26},"end":{"line":116,"column":74}},"line":116},"11":{"name":"(anonymous_11)","decl":{"start":{"line":117,"column":15},"end":{"line":117,"column":16}},"loc":{"start":{"line":117,"column":24},"end":{"line":126,"column":11}},"line":117},"12":{"name":"(anonymous_12)","decl":{"start":{"line":128,"column":65},"end":{"line":128,"column":66}},"loc":{"start":{"line":128,"column":75},"end":{"line":128,"column":120}},"line":128},"13":{"name":"(anonymous_13)","decl":{"start":{"line":140,"column":29},"end":{"line":140,"column":30}},"loc":{"start":{"line":140,"column":36},"end":{"line":143,"column":3}},"line":140},"14":{"name":"(anonymous_14)","decl":{"start":{"line":142,"column":15},"end":{"line":142,"column":16}},"loc":{"start":{"line":142,"column":26},"end":{"line":142,"column":52}},"line":142},"15":{"name":"(anonymous_15)","decl":{"start":{"line":145,"column":38},"end":{"line":145,"column":39}},"loc":{"start":{"line":145,"column":48},"end":{"line":159,"column":3}},"line":145},"16":{"name":"(anonymous_16)","decl":{"start":{"line":192,"column":33},"end":{"line":192,"column":34}},"loc":{"start":{"line":193,"column":18},"end":{"line":193,"column":71}},"line":193}},"branchMap":{"0":{"loc":{"start":{"line":52,"column":99},"end":{"line":52,"column":125}},"type":"binary-expr","locations":[{"start":{"line":52,"column":99},"end":{"line":52,"column":119}},{"start":{"line":52,"column":123},"end":{"line":52,"column":125}}],"line":52},"1":{"loc":{"start":{"line":64,"column":43},"end":{"line":64,"column":89}},"type":"cond-expr","locations":[{"start":{"line":64,"column":56},"end":{"line":64,"column":70}},{"start":{"line":64,"column":73},"end":{"line":64,"column":89}}],"line":64},"2":{"loc":{"start":{"line":101,"column":12},"end":{"line":102,"column":106}},"type":"binary-expr","locations":[{"start":{"line":101,"column":12},"end":{"line":101,"column":39}},{"start":{"line":102,"column":13},"end":{"line":102,"column":29}},{"start":{"line":102,"column":33},"end":{"line":102,"column":68}},{"start":{"line":102,"column":72},"end":{"line":102,"column":105}}],"line":101},"3":{"loc":{"start":{"line":107,"column":25},"end":{"line":107,"column":56}},"type":"binary-expr","locations":[{"start":{"line":107,"column":25},"end":{"line":107,"column":43}},{"start":{"line":107,"column":47},"end":{"line":107,"column":56}}],"line":107},"4":{"loc":{"start":{"line":109,"column":29},"end":{"line":109,"column":56}},"type":"binary-expr","locations":[{"start":{"line":109,"column":29},"end":{"line":109,"column":47}},{"start":{"line":109,"column":51},"end":{"line":109,"column":56}}],"line":109},"5":{"loc":{"start":{"line":109,"column":63},"end":{"line":109,"column":92}},"type":"binary-expr","locations":[{"start":{"line":109,"column":63},"end":{"line":109,"column":83}},{"start":{"line":109,"column":87},"end":{"line":109,"column":92}}],"line":109},"6":{"loc":{"start":{"line":110,"column":22},"end":{"line":110,"column":110}},"type":"cond-expr","locations":[{"start":{"line":110,"column":60},"end":{"line":110,"column":83}},{"start":{"line":110,"column":86},"end":{"line":110,"column":110}}],"line":110},"7":{"loc":{"start":{"line":111,"column":22},"end":{"line":111,"column":57}},"type":"binary-expr","locations":[{"start":{"line":111,"column":22},"end":{"line":111,"column":44}},{"start":{"line":111,"column":48},"end":{"line":111,"column":57}}],"line":111},"8":{"loc":{"start":{"line":116,"column":26},"end":{"line":116,"column":74}},"type":"binary-expr","locations":[{"start":{"line":116,"column":26},"end":{"line":116,"column":42}},{"start":{"line":116,"column":46},"end":{"line":116,"column":74}}],"line":116},"9":{"loc":{"start":{"line":120,"column":25},"end":{"line":120,"column":56}},"type":"binary-expr","locations":[{"start":{"line":120,"column":25},"end":{"line":120,"column":43}},{"start":{"line":120,"column":47},"end":{"line":120,"column":56}}],"line":120},"10":{"loc":{"start":{"line":122,"column":21},"end":{"line":122,"column":48}},"type":"binary-expr","locations":[{"start":{"line":122,"column":21},"end":{"line":122,"column":32}},{"start":{"line":122,"column":36},"end":{"line":122,"column":48}}],"line":122},"11":{"loc":{"start":{"line":123,"column":22},"end":{"line":123,"column":112}},"type":"cond-expr","locations":[{"start":{"line":123,"column":50},"end":{"line":123,"column":79}},{"start":{"line":123,"column":82},"end":{"line":123,"column":112}}],"line":123},"12":{"loc":{"start":{"line":124,"column":22},"end":{"line":124,"column":50}},"type":"binary-expr","locations":[{"start":{"line":124,"column":22},"end":{"line":124,"column":37}},{"start":{"line":124,"column":41},"end":{"line":124,"column":50}}],"line":124},"13":{"loc":{"start":{"line":147,"column":6},"end":{"line":150,"column":76}},"type":"binary-expr","locations":[{"start":{"line":147,"column":6},"end":{"line":147,"column":31}},{"start":{"line":148,"column":6},"end":{"line":148,"column":79}},{"start":{"line":149,"column":6},"end":{"line":149,"column":75}},{"start":{"line":150,"column":6},"end":{"line":150,"column":76}}],"line":147},"14":{"loc":{"start":{"line":152,"column":26},"end":{"line":152,"column":89}},"type":"binary-expr","locations":[{"start":{"line":152,"column":26},"end":{"line":152,"column":51}},{"start":{"line":152,"column":55},"end":{"line":152,"column":89}}],"line":152},"15":{"loc":{"start":{"line":155,"column":28},"end":{"line":155,"column":93}},"type":"binary-expr","locations":[{"start":{"line":155,"column":28},"end":{"line":155,"column":51}},{"start":{"line":155,"column":55},"end":{"line":155,"column":93}}],"line":155},"16":{"loc":{"start":{"line":156,"column":26},"end":{"line":156,"column":101}},"type":"binary-expr","locations":[{"start":{"line":156,"column":26},"end":{"line":156,"column":47}},{"start":{"line":156,"column":51},"end":{"line":156,"column":101}}],"line":156},"17":{"loc":{"start":{"line":158,"column":11},"end":{"line":158,"column":77}},"type":"binary-expr","locations":[{"start":{"line":158,"column":11},"end":{"line":158,"column":24}},{"start":{"line":158,"column":28},"end":{"line":158,"column":41}},{"start":{"line":158,"column":45},"end":{"line":158,"column":60}},{"start":{"line":158,"column":64},"end":{"line":158,"column":77}}],"line":158}},"s":{"0":1,"1":5,"2":5,"3":5,"4":5,"5":0,"6":0,"7":0,"8":0,"9":0,"10":0,"11":0,"12":0,"13":5,"14":5,"15":2,"16":2,"17":2,"18":2,"19":2,"20":2,"21":2,"22":2,"23":2,"24":2,"25":2,"26":2,"27":2,"28":2,"29":2,"30":2,"31":2,"32":2,"33":2,"34":0,"35":2,"36":2,"37":5,"38":1,"39":1,"40":1,"41":5,"42":6,"43":6,"44":6,"45":6,"46":6,"47":6,"48":5,"49":15},"f":{"0":5,"1":0,"2":0,"3":0,"4":0,"5":0,"6":2,"7":2,"8":2,"9":2,"10":2,"11":2,"12":2,"13":1,"14":1,"15":6,"16":15},"b":{"0":[0,0],"1":[0,0],"2":[2,2,0,0],"3":[2,0],"4":[2,0],"5":[2,0],"6":[2,0],"7":[2,0],"8":[2,0],"9":[2,0],"10":[2,0],"11":[0,2],"12":[2,0],"13":[6,2,1,1],"14":[6,0],"15":[6,0],"16":[6,0],"17":[6,5,5,5]},"_coverageSchema":"1a1c01bbd47fc00a2c39e90264f33305004495a9","hash":"396ce31b1aad80f31e8f6d1423d4b9b27ee01498"}
,"C:\\Users\\as920\\OneDrive\\Documents\\GitHub\\Frontend-InventoryManagement\\src\\pages\\Dashboard\\Dashboard.jsx": {"path":"C:\\Users\\as920\\OneDrive\\Documents\\GitHub\\Frontend-InventoryManagement\\src\\pages\\Dashboard\\Dashboard.jsx","statementMap":{"0":{"start":{"line":20,"column":18},"end":{"line":322,"column":1}},"1":{"start":{"line":21,"column":44},"end":{"line":21,"column":56}},"2":{"start":{"line":22,"column":42},"end":{"line":22,"column":54}},"3":{"start":{"line":23,"column":36},"end":{"line":23,"column":50}},"4":{"start":{"line":24,"column":38},"end":{"line":24,"column":50}},"5":{"start":{"line":25,"column":46},"end":{"line":25,"column":58}},"6":{"start":{"line":26,"column":46},"end":{"line":26,"column":61}},"7":{"start":{"line":27,"column":52},"end":{"line":27,"column":67}},"8":{"start":{"line":28,"column":48},"end":{"line":28,"column":62}},"9":{"start":{"line":29,"column":36},"end":{"line":29,"column":48}},"10":{"start":{"line":31,"column":19},"end":{"line":31,"column":32}},"11":{"start":{"line":32,"column":22},"end":{"line":32,"column":31}},"12":{"start":{"line":35,"column":24},"end":{"line":35,"column":72}},"13":{"start":{"line":35,"column":33},"end":{"line":35,"column":72}},"14":{"start":{"line":36,"column":22},"end":{"line":36,"column":68}},"15":{"start":{"line":36,"column":31},"end":{"line":36,"column":68}},"16":{"start":{"line":38,"column":21},"end":{"line":44,"column":3}},"17":{"start":{"line":46,"column":22},"end":{"line":69,"column":3}},"18":{"start":{"line":47,"column":47},"end":{"line":47,"column":73}},"19":{"start":{"line":48,"column":38},"end":{"line":48,"column":63}},"20":{"start":{"line":49,"column":43},"end":{"line":49,"column":73}},"21":{"start":{"line":55,"column":8},"end":{"line":66,"column":14}},"22":{"start":{"line":71,"column":24},"end":{"line":92,"column":3}},"23":{"start":{"line":74,"column":6},"end":{"line":90,"column":12}},"24":{"start":{"line":79,"column":25},"end":{"line":79,"column":47}},"25":{"start":{"line":86,"column":25},"end":{"line":86,"column":42}},"26":{"start":{"line":95,"column":4},"end":{"line":97,"column":19}},"27":{"start":{"line":100,"column":2},"end":{"line":102,"column":9}},"28":{"start":{"line":101,"column":4},"end":{"line":101,"column":21}},"29":{"start":{"line":104,"column":25},"end":{"line":122,"column":3}},"30":{"start":{"line":105,"column":4},"end":{"line":105,"column":23}},"31":{"start":{"line":106,"column":4},"end":{"line":121,"column":5}},"32":{"start":{"line":107,"column":19},"end":{"line":107,"column":47}},"33":{"start":{"line":108,"column":22},"end":{"line":108,"column":35}},"34":{"start":{"line":109,"column":6},"end":{"line":109,"column":70}},"35":{"start":{"line":109,"column":20},"end":{"line":109,"column":70}},"36":{"start":{"line":111,"column":23},"end":{"line":111,"column":73}},"37":{"start":{"line":112,"column":6},"end":{"line":112,"column":38}},"38":{"start":{"line":113,"column":6},"end":{"line":113,"column":37}},"39":{"start":{"line":115,"column":23},"end":{"line":115,"column":64}},"40":{"start":{"line":116,"column":6},"end":{"line":116,"column":51}},"41":{"start":{"line":118,"column":6},"end":{"line":118,"column":48}},"42":{"start":{"line":120,"column":6},"end":{"line":120,"column":26}},"43":{"start":{"line":125,"column":2},"end":{"line":146,"column":50}},"44":{"start":{"line":126,"column":19},"end":{"line":126,"column":43}},"45":{"start":{"line":127,"column":24},"end":{"line":144,"column":6}},"46":{"start":{"line":128,"column":26},"end":{"line":128,"column":65}},"47":{"start":{"line":129,"column":33},"end":{"line":129,"column":79}},"48":{"start":{"line":130,"column":25},"end":{"line":130,"column":63}},"49":{"start":{"line":131,"column":30},"end":{"line":131,"column":58}},"50":{"start":{"line":134,"column":8},"end":{"line":137,"column":54}},"51":{"start":{"line":139,"column":30},"end":{"line":141,"column":14}},"52":{"start":{"line":143,"column":6},"end":{"line":143,"column":46}},"53":{"start":{"line":145,"column":4},"end":{"line":145,"column":33}},"54":{"start":{"line":148,"column":25},"end":{"line":148,"column":54}},"55":{"start":{"line":148,"column":31},"end":{"line":148,"column":54}},"56":{"start":{"line":149,"column":30},"end":{"line":149,"column":60}},"57":{"start":{"line":149,"column":36},"end":{"line":149,"column":60}},"58":{"start":{"line":151,"column":28},"end":{"line":154,"column":3}},"59":{"start":{"line":152,"column":4},"end":{"line":152,"column":32}},"60":{"start":{"line":153,"column":4},"end":{"line":153,"column":31}},"61":{"start":{"line":155,"column":33},"end":{"line":158,"column":3}},"62":{"start":{"line":156,"column":4},"end":{"line":156,"column":29}},"63":{"start":{"line":157,"column":4},"end":{"line":157,"column":32}},"64":{"start":{"line":160,"column":23},"end":{"line":181,"column":3}},"65":{"start":{"line":161,"column":4},"end":{"line":161,"column":24}},"66":{"start":{"line":162,"column":4},"end":{"line":180,"column":5}},"67":{"start":{"line":163,"column":6},"end":{"line":163,"column":25}},"68":{"start":{"line":164,"column":6},"end":{"line":177,"column":7}},"69":{"start":{"line":165,"column":21},"end":{"line":165,"column":49}},"70":{"start":{"line":166,"column":24},"end":{"line":166,"column":55}},"71":{"start":{"line":167,"column":8},"end":{"line":167,"column":72}},"72":{"start":{"line":167,"column":22},"end":{"line":167,"column":72}},"73":{"start":{"line":169,"column":25},"end":{"line":171,"column":9}},"74":{"start":{"line":172,"column":8},"end":{"line":172,"column":40}},"75":{"start":{"line":174,"column":8},"end":{"line":174,"column":56}},"76":{"start":{"line":176,"column":8},"end":{"line":176,"column":28}},"77":{"start":{"line":179,"column":6},"end":{"line":179,"column":23}},"78":{"start":{"line":183,"column":26},"end":{"line":196,"column":3}},"79":{"start":{"line":184,"column":4},"end":{"line":195,"column":5}},"80":{"start":{"line":185,"column":19},"end":{"line":185,"column":47}},"81":{"start":{"line":186,"column":22},"end":{"line":186,"column":35}},"82":{"start":{"line":187,"column":6},"end":{"line":187,"column":70}},"83":{"start":{"line":187,"column":20},"end":{"line":187,"column":70}},"84":{"start":{"line":189,"column":6},"end":{"line":189,"column":72}},"85":{"start":{"line":190,"column":6},"end":{"line":190,"column":51}},"86":{"start":{"line":191,"column":6},"end":{"line":191,"column":31}},"87":{"start":{"line":192,"column":6},"end":{"line":192,"column":29}},"88":{"start":{"line":194,"column":6},"end":{"line":194,"column":52}},"89":{"start":{"line":206,"column":23},"end":{"line":224,"column":3}},"90":{"start":{"line":207,"column":4},"end":{"line":223,"column":5}},"91":{"start":{"line":208,"column":6},"end":{"line":216,"column":8}},"92":{"start":{"line":218,"column":6},"end":{"line":218,"column":29}},"93":{"start":{"line":219,"column":6},"end":{"line":219,"column":75}},"94":{"start":{"line":221,"column":6},"end":{"line":221,"column":45}},"95":{"start":{"line":222,"column":6},"end":{"line":222,"column":69}},"96":{"start":{"line":226,"column":2},"end":{"line":321,"column":4}},"97":{"start":{"line":257,"column":33},"end":{"line":257,"column":61}},"98":{"start":{"line":275,"column":37},"end":{"line":275,"column":61}}},"fnMap":{"0":{"name":"(anonymous_0)","decl":{"start":{"line":20,"column":18},"end":{"line":20,"column":19}},"loc":{"start":{"line":20,"column":24},"end":{"line":322,"column":1}},"line":20},"1":{"name":"(anonymous_1)","decl":{"start":{"line":35,"column":24},"end":{"line":35,"column":25}},"loc":{"start":{"line":35,"column":33},"end":{"line":35,"column":72}},"line":35},"2":{"name":"(anonymous_2)","decl":{"start":{"line":36,"column":22},"end":{"line":36,"column":23}},"loc":{"start":{"line":36,"column":31},"end":{"line":36,"column":68}},"line":36},"3":{"name":"(anonymous_3)","decl":{"start":{"line":47,"column":38},"end":{"line":47,"column":39}},"loc":{"start":{"line":47,"column":47},"end":{"line":47,"column":73}},"line":47},"4":{"name":"(anonymous_4)","decl":{"start":{"line":48,"column":29},"end":{"line":48,"column":30}},"loc":{"start":{"line":48,"column":38},"end":{"line":48,"column":63}},"line":48},"5":{"name":"(anonymous_5)","decl":{"start":{"line":49,"column":34},"end":{"line":49,"column":35}},"loc":{"start":{"line":49,"column":43},"end":{"line":49,"column":73}},"line":49},"6":{"name":"(anonymous_6)","decl":{"start":{"line":54,"column":14},"end":{"line":54,"column":15}},"loc":{"start":{"line":55,"column":8},"end":{"line":66,"column":14}},"line":55},"7":{"name":"(anonymous_7)","decl":{"start":{"line":73,"column":12},"end":{"line":73,"column":13}},"loc":{"start":{"line":74,"column":6},"end":{"line":90,"column":12}},"line":74},"8":{"name":"(anonymous_8)","decl":{"start":{"line":79,"column":19},"end":{"line":79,"column":20}},"loc":{"start":{"line":79,"column":25},"end":{"line":79,"column":47}},"line":79},"9":{"name":"(anonymous_9)","decl":{"start":{"line":86,"column":19},"end":{"line":86,"column":20}},"loc":{"start":{"line":86,"column":25},"end":{"line":86,"column":42}},"line":86},"10":{"name":"(anonymous_10)","decl":{"start":{"line":100,"column":12},"end":{"line":100,"column":13}},"loc":{"start":{"line":100,"column":18},"end":{"line":102,"column":3}},"line":100},"11":{"name":"(anonymous_11)","decl":{"start":{"line":104,"column":25},"end":{"line":104,"column":26}},"loc":{"start":{"line":104,"column":37},"end":{"line":122,"column":3}},"line":104},"12":{"name":"(anonymous_12)","decl":{"start":{"line":125,"column":12},"end":{"line":125,"column":13}},"loc":{"start":{"line":125,"column":18},"end":{"line":146,"column":3}},"line":125},"13":{"name":"(anonymous_13)","decl":{"start":{"line":127,"column":45},"end":{"line":127,"column":46}},"loc":{"start":{"line":127,"column":55},"end":{"line":144,"column":5}},"line":127},"14":{"name":"(anonymous_14)","decl":{"start":{"line":148,"column":25},"end":{"line":148,"column":26}},"loc":{"start":{"line":148,"column":31},"end":{"line":148,"column":54}},"line":148},"15":{"name":"(anonymous_15)","decl":{"start":{"line":149,"column":30},"end":{"line":149,"column":31}},"loc":{"start":{"line":149,"column":36},"end":{"line":149,"column":60}},"line":149},"16":{"name":"(anonymous_16)","decl":{"start":{"line":151,"column":28},"end":{"line":151,"column":29}},"loc":{"start":{"line":151,"column":41},"end":{"line":154,"column":3}},"line":151},"17":{"name":"(anonymous_17)","decl":{"start":{"line":155,"column":33},"end":{"line":155,"column":34}},"loc":{"start":{"line":155,"column":39},"end":{"line":158,"column":3}},"line":155},"18":{"name":"(anonymous_18)","decl":{"start":{"line":160,"column":23},"end":{"line":160,"column":24}},"loc":{"start":{"line":160,"column":39},"end":{"line":181,"column":3}},"line":160},"19":{"name":"(anonymous_19)","decl":{"start":{"line":183,"column":26},"end":{"line":183,"column":27}},"loc":{"start":{"line":183,"column":48},"end":{"line":196,"column":3}},"line":183},"20":{"name":"(anonymous_20)","decl":{"start":{"line":206,"column":23},"end":{"line":206,"column":24}},"loc":{"start":{"line":206,"column":38},"end":{"line":224,"column":3}},"line":206},"21":{"name":"(anonymous_21)","decl":{"start":{"line":257,"column":26},"end":{"line":257,"column":27}},"loc":{"start":{"line":257,"column":33},"end":{"line":257,"column":61}},"line":257},"22":{"name":"(anonymous_22)","decl":{"start":{"line":275,"column":26},"end":{"line":275,"column":27}},"loc":{"start":{"line":275,"column":37},"end":{"line":275,"column":61}},"line":275}},"branchMap":{"0":{"loc":{"start":{"line":47,"column":47},"end":{"line":47,"column":73}},"type":"binary-expr","locations":[{"start":{"line":47,"column":47},"end":{"line":47,"column":64}},{"start":{"line":47,"column":68},"end":{"line":47,"column":73}}],"line":47},"1":{"loc":{"start":{"line":48,"column":38},"end":{"line":48,"column":63}},"type":"binary-expr","locations":[{"start":{"line":48,"column":38},"end":{"line":48,"column":54}},{"start":{"line":48,"column":58},"end":{"line":48,"column":63}}],"line":48},"2":{"loc":{"start":{"line":49,"column":43},"end":{"line":49,"column":73}},"type":"binary-expr","locations":[{"start":{"line":49,"column":43},"end":{"line":49,"column":64}},{"start":{"line":49,"column":68},"end":{"line":49,"column":73}}],"line":49},"3":{"loc":{"start":{"line":58,"column":14},"end":{"line":62,"column":35}},"type":"cond-expr","locations":[{"start":{"line":59,"column":18},"end":{"line":59,"column":34}},{"start":{"line":60,"column":18},"end":{"line":62,"column":35}}],"line":58},"4":{"loc":{"start":{"line":60,"column":18},"end":{"line":62,"column":35}},"type":"cond-expr","locations":[{"start":{"line":61,"column":18},"end":{"line":61,"column":37}},{"start":{"line":62,"column":18},"end":{"line":62,"column":35}}],"line":60},"5":{"loc":{"start":{"line":95,"column":4},"end":{"line":97,"column":19}},"type":"cond-expr","locations":[{"start":{"line":96,"column":8},"end":{"line":96,"column":39}},{"start":{"line":97,"column":8},"end":{"line":97,"column":19}}],"line":95},"6":{"loc":{"start":{"line":95,"column":4},"end":{"line":95,"column":42}},"type":"binary-expr","locations":[{"start":{"line":95,"column":4},"end":{"line":95,"column":22}},{"start":{"line":95,"column":26},"end":{"line":95,"column":42}}],"line":95},"7":{"loc":{"start":{"line":109,"column":6},"end":{"line":109,"column":70}},"type":"if","locations":[{"start":{"line":109,"column":6},"end":{"line":109,"column":70}},{"start":{},"end":{}}],"line":109},"8":{"loc":{"start":{"line":116,"column":19},"end":{"line":116,"column":49}},"type":"binary-expr","locations":[{"start":{"line":116,"column":19},"end":{"line":116,"column":38}},{"start":{"line":116,"column":42},"end":{"line":116,"column":49}}],"line":116},"9":{"loc":{"start":{"line":128,"column":26},"end":{"line":128,"column":65}},"type":"binary-expr","locations":[{"start":{"line":128,"column":26},"end":{"line":128,"column":59}},{"start":{"line":128,"column":63},"end":{"line":128,"column":65}}],"line":128},"10":{"loc":{"start":{"line":129,"column":33},"end":{"line":129,"column":79}},"type":"binary-expr","locations":[{"start":{"line":129,"column":33},"end":{"line":129,"column":73}},{"start":{"line":129,"column":77},"end":{"line":129,"column":79}}],"line":129},"11":{"loc":{"start":{"line":130,"column":25},"end":{"line":130,"column":63}},"type":"binary-expr","locations":[{"start":{"line":130,"column":25},"end":{"line":130,"column":57}},{"start":{"line":130,"column":61},"end":{"line":130,"column":63}}],"line":130},"12":{"loc":{"start":{"line":131,"column":30},"end":{"line":131,"column":58}},"type":"binary-expr","locations":[{"start":{"line":131,"column":30},"end":{"line":131,"column":52}},{"start":{"line":131,"column":56},"end":{"line":131,"column":58}}],"line":131},"13":{"loc":{"start":{"line":134,"column":8},"end":{"line":137,"column":54}},"type":"binary-expr","locations":[{"start":{"line":134,"column":8},"end":{"line":134,"column":36}},{"start":{"line":135,"column":8},"end":{"line":135,"column":43}},{"start":{"line":136,"column":8},"end":{"line":136,"column":35}},{"start":{"line":137,"column":8},"end":{"line":137,"column":54}}],"line":134},"14":{"loc":{"start":{"line":139,"column":30},"end":{"line":141,"column":14}},"type":"cond-expr","locations":[{"start":{"line":140,"column":10},"end":{"line":140,"column":44}},{"start":{"line":141,"column":10},"end":{"line":141,"column":14}}],"line":139},"15":{"loc":{"start":{"line":143,"column":13},"end":{"line":143,"column":45}},"type":"binary-expr","locations":[{"start":{"line":143,"column":13},"end":{"line":143,"column":26}},{"start":{"line":143,"column":30},"end":{"line":143,"column":45}}],"line":143},"16":{"loc":{"start":{"line":162,"column":4},"end":{"line":180,"column":5}},"type":"if","locations":[{"start":{"line":162,"column":4},"end":{"line":180,"column":5}},{"start":{"line":178,"column":11},"end":{"line":180,"column":5}}],"line":162},"17":{"loc":{"start":{"line":166,"column":24},"end":{"line":166,"column":55}},"type":"binary-expr","locations":[{"start":{"line":166,"column":24},"end":{"line":166,"column":37}},{"start":{"line":166,"column":41},"end":{"line":166,"column":55}}],"line":166},"18":{"loc":{"start":{"line":167,"column":8},"end":{"line":167,"column":72}},"type":"if","locations":[{"start":{"line":167,"column":8},"end":{"line":167,"column":72}},{"start":{},"end":{}}],"line":167},"19":{"loc":{"start":{"line":187,"column":6},"end":{"line":187,"column":70}},"type":"if","locations":[{"start":{"line":187,"column":6},"end":{"line":187,"column":70}},{"start":{},"end":{}}],"line":187},"20":{"loc":{"start":{"line":260,"column":13},"end":{"line":270,"column":13}},"type":"binary-expr","locations":[{"start":{"line":260,"column":14},"end":{"line":260,"column":32}},{"start":{"line":260,"column":36},"end":{"line":260,"column":52}},{"start":{"line":261,"column":14},"end":{"line":269,"column":20}}],"line":260},"21":{"loc":{"start":{"line":301,"column":7},"end":{"line":308,"column":7}},"type":"binary-expr","locations":[{"start":{"line":301,"column":7},"end":{"line":301,"column":24}},{"start":{"line":302,"column":8},"end":{"line":307,"column":10}}],"line":301}},"s":{"0":1,"1":0,"2":0,"3":0,"4":0,"5":0,"6":0,"7":0,"8":0,"9":0,"10":0,"11":0,"12":0,"13":0,"14":0,"15":0,"16":0,"17":0,"18":0,"19":0,"20":0,"21":0,"22":0,"23":0,"24":0,"25":0,"26":0,"27":0,"28":0,"29":0,"30":0,"31":0,"32":0,"33":0,"34":0,"35":0,"36":0,"37":0,"38":0,"39":0,"40":0,"41":0,"42":0,"43":0,"44":0,"45":0,"46":0,"47":0,"48":0,"49":0,"50":0,"51":0,"52":0,"53":0,"54":0,"55":0,"56":0,"57":0,"58":0,"59":0,"60":0,"61":0,"62":0,"63":0,"64":0,"65":0,"66":0,"67":0,"68":0,"69":0,"70":0,"71":0,"72":0,"73":0,"74":0,"75":0,"76":0,"77":0,"78":0,"79":0,"80":0,"81":0,"82":0,"83":0,"84":0,"85":0,"86":0,"87":0,"88":0,"89":0,"90":0,"91":0,"92":0,"93":0,"94":0,"95":0,"96":0,"97":0,"98":0},"f":{"0":0,"1":0,"2":0,"3":0,"4":0,"5":0,"6":0,"7":0,"8":0,"9":0,"10":0,"11":0,"12":0,"13":0,"14":0,"15":0,"16":0,"17":0,"18":0,"19":0,"20":0,"21":0,"22":0},"b":{"0":[0,0],"1":[0,0],"2":[0,0],"3":[0,0],"4":[0,0],"5":[0,0],"6":[0,0],"7":[0,0],"8":[0,0],"9":[0,0],"10":[0,0],"11":[0,0],"12":[0,0],"13":[0,0,0,0],"14":[0,0],"15":[0,0],"16":[0,0],"17":[0,0],"18":[0,0],"19":[0,0],"20":[0,0,0],"21":[0,0]},"_coverageSchema":"1a1c01bbd47fc00a2c39e90264f33305004495a9","hash":"7a683e336367792d30bb30d3d54ae26f1b15c9f5"}
,"C:\\Users\\as920\\OneDrive\\Documents\\GitHub\\Frontend-InventoryManagement\\src\\pages\\ForgotPassword\\ForgotPassword.jsx": {"path":"C:\\Users\\as920\\OneDrive\\Documents\\GitHub\\Frontend-InventoryManagement\\src\\pages\\ForgotPassword\\ForgotPassword.jsx","statementMap":{"0":{"start":{"line":11,"column":23},"end":{"line":93,"column":1}},"1":{"start":{"line":12,"column":28},"end":{"line":12,"column":40}},"2":{"start":{"line":13,"column":32},"end":{"line":13,"column":47}},"3":{"start":{"line":14,"column":19},"end":{"line":14,"column":32}},"4":{"start":{"line":16,"column":23},"end":{"line":18,"column":3}},"5":{"start":{"line":17,"column":4},"end":{"line":17,"column":29}},"6":{"start":{"line":20,"column":23},"end":{"line":37,"column":3}},"7":{"start":{"line":21,"column":4},"end":{"line":21,"column":23}},"8":{"start":{"line":22,"column":4},"end":{"line":22,"column":21}},"9":{"start":{"line":24,"column":4},"end":{"line":36,"column":5}},"10":{"start":{"line":25,"column":6},"end":{"line":25,"column":46}},"11":{"start":{"line":26,"column":6},"end":{"line":26,"column":72}},"12":{"start":{"line":27,"column":6},"end":{"line":27,"column":50}},"13":{"start":{"line":28,"column":6},"end":{"line":30,"column":15}},"14":{"start":{"line":29,"column":8},"end":{"line":29,"column":32}},"15":{"start":{"line":32,"column":6},"end":{"line":32,"column":59}},"16":{"start":{"line":33,"column":6},"end":{"line":33,"column":25}},"17":{"start":{"line":35,"column":6},"end":{"line":35,"column":24}},"18":{"start":{"line":39,"column":2},"end":{"line":92,"column":4}}},"fnMap":{"0":{"name":"(anonymous_0)","decl":{"start":{"line":11,"column":23},"end":{"line":11,"column":24}},"loc":{"start":{"line":11,"column":29},"end":{"line":93,"column":1}},"line":11},"1":{"name":"(anonymous_1)","decl":{"start":{"line":16,"column":23},"end":{"line":16,"column":24}},"loc":{"start":{"line":16,"column":30},"end":{"line":18,"column":3}},"line":16},"2":{"name":"(anonymous_2)","decl":{"start":{"line":20,"column":23},"end":{"line":20,"column":24}},"loc":{"start":{"line":20,"column":36},"end":{"line":37,"column":3}},"line":20},"3":{"name":"(anonymous_3)","decl":{"start":{"line":28,"column":17},"end":{"line":28,"column":18}},"loc":{"start":{"line":28,"column":23},"end":{"line":30,"column":7}},"line":28}},"branchMap":{"0":{"loc":{"start":{"line":82,"column":15},"end":{"line":82,"column":54}},"type":"cond-expr","locations":[{"start":{"line":82,"column":25},"end":{"line":82,"column":41}},{"start":{"line":82,"column":44},"end":{"line":82,"column":54}}],"line":82}},"s":{"0":1,"1":5,"2":5,"3":5,"4":5,"5":1,"6":5,"7":1,"8":1,"9":1,"10":1,"11":0,"12":0,"13":0,"14":0,"15":1,"16":1,"17":1,"18":5},"f":{"0":5,"1":1,"2":1,"3":0},"b":{"0":[1,4]},"_coverageSchema":"1a1c01bbd47fc00a2c39e90264f33305004495a9","hash":"244c941e52e65428ba68e4b84f878bc6ce3b4264"}
,"C:\\Users\\as920\\OneDrive\\Documents\\GitHub\\Frontend-InventoryManagement\\src\\services\\authService.js": {"path":"C:\\Users\\as920\\OneDrive\\Documents\\GitHub\\Frontend-InventoryManagement\\src\\services\\authService.js","statementMap":{"0":{"start":{"line":429,"column":16},"end":{"line":429,"column":48}},"1":{"start":{"line":431,"column":20},"end":{"line":557,"column":1}},"2":{"start":{"line":434,"column":21},"end":{"line":438,"column":6}},"3":{"start":{"line":440,"column":4},"end":{"line":443,"column":5}},"4":{"start":{"line":441,"column":21},"end":{"line":441,"column":42}},"5":{"start":{"line":442,"column":6},"end":{"line":442,"column":49}},"6":{"start":{"line":445,"column":17},"end":{"line":445,"column":38}},"7":{"start":{"line":446,"column":4},"end":{"line":446,"column":44}},"8":{"start":{"line":448,"column":17},"end":{"line":456,"column":5}},"9":{"start":{"line":458,"column":4},"end":{"line":458,"column":46}},"10":{"start":{"line":459,"column":4},"end":{"line":459,"column":55}},"11":{"start":{"line":461,"column":4},"end":{"line":461,"column":39}},"12":{"start":{"line":466,"column":4},"end":{"line":466,"column":37}},"13":{"start":{"line":467,"column":4},"end":{"line":467,"column":36}},"14":{"start":{"line":472,"column":20},"end":{"line":472,"column":48}},"15":{"start":{"line":473,"column":4},"end":{"line":473,"column":48}},"16":{"start":{"line":478,"column":4},"end":{"line":478,"column":43}},"17":{"start":{"line":483,"column":4},"end":{"line":483,"column":41}},"18":{"start":{"line":486,"column":17},"end":{"line":486,"column":45}},"19":{"start":{"line":487,"column":4},"end":{"line":487,"column":28}},"20":{"start":{"line":487,"column":15},"end":{"line":487,"column":28}},"21":{"start":{"line":488,"column":4},"end":{"line":488,"column":21}},"22":{"start":{"line":493,"column":17},"end":{"line":493,"column":45}},"23":{"start":{"line":494,"column":4},"end":{"line":494,"column":28}},"24":{"start":{"line":494,"column":15},"end":{"line":494,"column":28}},"25":{"start":{"line":496,"column":18},"end":{"line":496,"column":62}},"26":{"start":{"line":497,"column":21},"end":{"line":497,"column":45}},"27":{"start":{"line":498,"column":25},"end":{"line":498,"column":52}},"28":{"start":{"line":500,"column":4},"end":{"line":500,"column":36}},"29":{"start":{"line":505,"column":21},"end":{"line":509,"column":6}},"30":{"start":{"line":511,"column":4},"end":{"line":514,"column":5}},"31":{"start":{"line":512,"column":21},"end":{"line":512,"column":42}},"32":{"start":{"line":513,"column":6},"end":{"line":513,"column":55}},"33":{"start":{"line":516,"column":24},"end":{"line":516,"column":60}},"34":{"start":{"line":517,"column":4},"end":{"line":519,"column":45}},"35":{"start":{"line":524,"column":21},"end":{"line":528,"column":6}},"36":{"start":{"line":530,"column":19},"end":{"line":530,"column":40}},"37":{"start":{"line":532,"column":4},"end":{"line":534,"column":5}},"38":{"start":{"line":533,"column":6},"end":{"line":533,"column":67}},"39":{"start":{"line":536,"column":4},"end":{"line":536,"column":18}},"40":{"start":{"line":541,"column":21},"end":{"line":545,"column":6}},"41":{"start":{"line":547,"column":4},"end":{"line":550,"column":5}},"42":{"start":{"line":548,"column":21},"end":{"line":548,"column":42}},"43":{"start":{"line":549,"column":6},"end":{"line":549,"column":58}},"44":{"start":{"line":552,"column":24},"end":{"line":552,"column":60}},"45":{"start":{"line":553,"column":4},"end":{"line":555,"column":45}}},"fnMap":{"0":{"name":"(anonymous_0)","decl":{"start":{"line":433,"column":9},"end":{"line":433,"column":10}},"loc":{"start":{"line":433,"column":32},"end":{"line":462,"column":3}},"line":433},"1":{"name":"(anonymous_1)","decl":{"start":{"line":465,"column":10},"end":{"line":465,"column":11}},"loc":{"start":{"line":465,"column":16},"end":{"line":468,"column":3}},"line":465},"2":{"name":"(anonymous_2)","decl":{"start":{"line":471,"column":18},"end":{"line":471,"column":19}},"loc":{"start":{"line":471,"column":24},"end":{"line":474,"column":3}},"line":471},"3":{"name":"(anonymous_3)","decl":{"start":{"line":477,"column":14},"end":{"line":477,"column":15}},"loc":{"start":{"line":477,"column":20},"end":{"line":479,"column":3}},"line":477},"4":{"name":"(anonymous_4)","decl":{"start":{"line":482,"column":12},"end":{"line":482,"column":13}},"loc":{"start":{"line":482,"column":18},"end":{"line":484,"column":3}},"line":482},"5":{"name":"(anonymous_5)","decl":{"start":{"line":485,"column":11},"end":{"line":485,"column":12}},"loc":{"start":{"line":485,"column":17},"end":{"line":489,"column":3}},"line":485},"6":{"name":"(anonymous_6)","decl":{"start":{"line":492,"column":11},"end":{"line":492,"column":12}},"loc":{"start":{"line":492,"column":29},"end":{"line":501,"column":3}},"line":492},"7":{"name":"(anonymous_7)","decl":{"start":{"line":504,"column":18},"end":{"line":504,"column":19}},"loc":{"start":{"line":504,"column":35},"end":{"line":520,"column":3}},"line":504},"8":{"name":"(anonymous_8)","decl":{"start":{"line":523,"column":13},"end":{"line":523,"column":14}},"loc":{"start":{"line":523,"column":35},"end":{"line":537,"column":3}},"line":523},"9":{"name":"(anonymous_9)","decl":{"start":{"line":540,"column":17},"end":{"line":540,"column":18}},"loc":{"start":{"line":540,"column":47},"end":{"line":556,"column":3}},"line":540}},"branchMap":{"0":{"loc":{"start":{"line":440,"column":4},"end":{"line":443,"column":5}},"type":"if","locations":[{"start":{"line":440,"column":4},"end":{"line":443,"column":5}},{"start":{},"end":{}}],"line":440},"1":{"loc":{"start":{"line":451,"column":12},"end":{"line":451,"column":45}},"type":"binary-expr","locations":[{"start":{"line":451,"column":12},"end":{"line":451,"column":21}},{"start":{"line":451,"column":25},"end":{"line":451,"column":45}}],"line":451},"2":{"loc":{"start":{"line":452,"column":13},"end":{"line":452,"column":28}},"type":"binary-expr","locations":[{"start":{"line":452,"column":13},"end":{"line":452,"column":22}},{"start":{"line":452,"column":26},"end":{"line":452,"column":28}}],"line":452},"3":{"loc":{"start":{"line":453,"column":20},"end":{"line":453,"column":43}},"type":"binary-expr","locations":[{"start":{"line":453,"column":20},"end":{"line":453,"column":37}},{"start":{"line":453,"column":41},"end":{"line":453,"column":43}}],"line":453},"4":{"loc":{"start":{"line":454,"column":16},"end":{"line":454,"column":35}},"type":"binary-expr","locations":[{"start":{"line":454,"column":16},"end":{"line":454,"column":29}},{"start":{"line":454,"column":33},"end":{"line":454,"column":35}}],"line":454},"5":{"loc":{"start":{"line":455,"column":15},"end":{"line":455,"column":33}},"type":"binary-expr","locations":[{"start":{"line":455,"column":15},"end":{"line":455,"column":27}},{"start":{"line":455,"column":31},"end":{"line":455,"column":33}}],"line":455},"6":{"loc":{"start":{"line":473,"column":11},"end":{"line":473,"column":47}},"type":"cond-expr","locations":[{"start":{"line":473,"column":21},"end":{"line":473,"column":40}},{"start":{"line":473,"column":43},"end":{"line":473,"column":47}}],"line":473},"7":{"loc":{"start":{"line":487,"column":4},"end":{"line":487,"column":28}},"type":"if","locations":[{"start":{"line":487,"column":4},"end":{"line":487,"column":28}},{"start":{},"end":{}}],"line":487},"8":{"loc":{"start":{"line":494,"column":4},"end":{"line":494,"column":28}},"type":"if","locations":[{"start":{"line":494,"column":4},"end":{"line":494,"column":28}},{"start":{},"end":{}}],"line":494},"9":{"loc":{"start":{"line":511,"column":4},"end":{"line":514,"column":5}},"type":"if","locations":[{"start":{"line":511,"column":4},"end":{"line":514,"column":5}},{"start":{},"end":{}}],"line":511},"10":{"loc":{"start":{"line":517,"column":11},"end":{"line":519,"column":44}},"type":"cond-expr","locations":[{"start":{"line":518,"column":10},"end":{"line":518,"column":31}},{"start":{"line":519,"column":10},"end":{"line":519,"column":44}}],"line":517},"11":{"loc":{"start":{"line":532,"column":4},"end":{"line":534,"column":5}},"type":"if","locations":[{"start":{"line":532,"column":4},"end":{"line":534,"column":5}},{"start":{},"end":{}}],"line":532},"12":{"loc":{"start":{"line":533,"column":22},"end":{"line":533,"column":65}},"type":"binary-expr","locations":[{"start":{"line":533,"column":22},"end":{"line":533,"column":36}},{"start":{"line":533,"column":40},"end":{"line":533,"column":65}}],"line":533},"13":{"loc":{"start":{"line":547,"column":4},"end":{"line":550,"column":5}},"type":"if","locations":[{"start":{"line":547,"column":4},"end":{"line":550,"column":5}},{"start":{},"end":{}}],"line":547},"14":{"loc":{"start":{"line":553,"column":11},"end":{"line":555,"column":44}},"type":"cond-expr","locations":[{"start":{"line":554,"column":10},"end":{"line":554,"column":31}},{"start":{"line":555,"column":10},"end":{"line":555,"column":44}}],"line":553}},"s":{"0":2,"1":2,"2":0,"3":0,"4":0,"5":0,"6":0,"7":0,"8":0,"9":0,"10":0,"11":0,"12":0,"13":0,"14":0,"15":0,"16":0,"17":0,"18":0,"19":0,"20":0,"21":0,"22":0,"23":0,"24":0,"25":0,"26":0,"27":0,"28":0,"29":0,"30":0,"31":0,"32":0,"33":0,"34":0,"35":0,"36":0,"37":0,"38":0,"39":0,"40":0,"41":0,"42":0,"43":0,"44":0,"45":0},"f":{"0":0,"1":0,"2":0,"3":0,"4":0,"5":0,"6":0,"7":0,"8":0,"9":0},"b":{"0":[0,0],"1":[0,0],"2":[0,0],"3":[0,0],"4":[0,0],"5":[0,0],"6":[0,0],"7":[0,0],"8":[0,0],"9":[0,0],"10":[0,0],"11":[0,0],"12":[0,0],"13":[0,0],"14":[0,0]},"_coverageSchema":"1a1c01bbd47fc00a2c39e90264f33305004495a9","hash":"d0a32f05bc959390260afdd50b82f86c4541f75a"}
,"C:\\Users\\as920\\OneDrive\\Documents\\GitHub\\Frontend-InventoryManagement\\src\\services\\axiosConfig.js": {"path":"C:\\Users\\as920\\OneDrive\\Documents\\GitHub\\Frontend-InventoryManagement\\src\\services\\axiosConfig.js","statementMap":{"0":{"start":{"line":3,"column":22},"end":{"line":5,"column":2}},"1":{"start":{"line":7,"column":0},"end":{"line":16,"column":2}},"2":{"start":{"line":9,"column":22},"end":{"line":9,"column":51}},"3":{"start":{"line":10,"column":8},"end":{"line":12,"column":9}},"4":{"start":{"line":11,"column":12},"end":{"line":11,"column":64}},"5":{"start":{"line":13,"column":8},"end":{"line":13,"column":22}},"6":{"start":{"line":15,"column":15},"end":{"line":15,"column":36}}},"fnMap":{"0":{"name":"(anonymous_0)","decl":{"start":{"line":8,"column":4},"end":{"line":8,"column":5}},"loc":{"start":{"line":8,"column":16},"end":{"line":14,"column":5}},"line":8},"1":{"name":"(anonymous_1)","decl":{"start":{"line":15,"column":4},"end":{"line":15,"column":5}},"loc":{"start":{"line":15,"column":15},"end":{"line":15,"column":36}},"line":15}},"branchMap":{"0":{"loc":{"start":{"line":10,"column":8},"end":{"line":12,"column":9}},"type":"if","locations":[{"start":{"line":10,"column":8},"end":{"line":12,"column":9}},{"start":{},"end":{}}],"line":10}},"s":{"0":1,"1":1,"2":0,"3":0,"4":0,"5":0,"6":0},"f":{"0":0,"1":0},"b":{"0":[0,0]},"_coverageSchema":"1a1c01bbd47fc00a2c39e90264f33305004495a9","hash":"b510fca78dfa8b1613d5af901d09f84ce77d977a"}
}
