TN:
SF:_mocks_\fileMock.js
FNF:0
FNH:0
DA:1,8
LF:1
LH:1
BRF:0
BRH:0
end_of_record
TN:
SF:src\components\Button\Button.jsx
FN:4,(anonymous_0)
FNF:1
FNH:1
FNDA:5,(anonymous_0)
DA:4,3
DA:15,5
DA:23,5
LF:3
LH:3
BRDA:6,0,0,5
BRDA:7,1,0,4
BRDA:8,2,0,4
BRDA:9,3,0,4
BRDA:10,4,0,4
BRDA:12,5,0,5
BRDA:19,6,0,1
BRDA:19,6,1,4
BRF:8
BRH:8
end_of_record
TN:
SF:src\components\Card\Card.jsx
FN:4,(anonymous_0)
FNF:1
FNH:1
FNDA:4,(anonymous_0)
DA:4,1
DA:15,4
LF:2
LH:2
BRDA:9,0,0,3
BRDA:10,1,0,3
BRDA:11,2,0,3
BRDA:12,3,0,3
BRDA:17,4,0,4
BRDA:17,4,1,2
BRDA:17,4,2,2
BRDA:19,5,0,2
BRDA:19,5,1,2
BRDA:20,6,0,2
BRDA:20,6,1,1
BRDA:26,7,0,4
BRDA:26,7,1,2
BRF:13
BRH:13
end_of_record
TN:
SF:src\components\Input\Input.jsx
FN:4,(anonymous_0)
FNF:1
FNH:1
FNDA:6,(anonymous_0)
DA:4,2
DA:19,6
LF:2
LH:2
BRDA:6,0,0,6
BRDA:11,1,0,5
BRDA:12,2,0,5
BRDA:13,3,0,5
BRDA:14,4,0,5
BRDA:15,5,0,6
BRDA:16,6,0,6
BRDA:20,7,0,6
BRDA:20,7,1,0
BRDA:21,8,0,6
BRDA:21,8,1,4
BRDA:24,9,0,4
BRDA:24,9,1,1
BRDA:36,10,0,1
BRDA:36,10,1,5
BRDA:39,11,0,6
BRDA:39,11,1,1
BRF:17
BRH:16
end_of_record
TN:
SF:src\components\Notification\Notification.jsx
FN:6,(anonymous_0)
FNF:1
FNH:1
FNDA:4,(anonymous_0)
DA:6,1
DA:7,4
LF:2
LH:2
BRDA:6,0,0,1
BRDA:13,1,0,4
BRDA:13,1,1,2
BRF:3
BRH:3
end_of_record
TN:
SF:src\components\Table\Table.jsx
FN:4,(anonymous_0)
FN:35,(anonymous_1)
FN:47,(anonymous_2)
FN:51,(anonymous_3)
FN:53,(anonymous_4)
FNF:5
FNH:5
FNDA:5,(anonymous_0)
FNDA:5,(anonymous_1)
FNDA:5,(anonymous_2)
FNDA:1,(anonymous_3)
FNDA:9,(anonymous_4)
DA:4,1
DA:13,5
DA:14,1
DA:22,4
DA:23,1
DA:30,3
DA:36,5
DA:48,5
DA:51,1
DA:54,9
LF:10
LH:10
BRDA:8,0,0,3
BRDA:9,1,0,5
BRDA:10,2,0,5
BRDA:13,3,0,1
BRDA:13,3,1,4
BRDA:22,4,0,1
BRDA:22,4,1,3
BRDA:22,5,0,4
BRDA:22,5,1,4
BRDA:39,6,0,5
BRDA:39,6,1,5
BRDA:50,7,0,2
BRDA:50,7,1,3
BRDA:51,8,0,1
BRDA:51,8,1,1
BRDA:55,9,0,1
BRDA:55,9,1,8
BRF:17
BRH:17
end_of_record
TN:
SF:src\components\Ui\ShadDropdown.jsx
FN:4,(anonymous_0)
FN:9,(anonymous_1)
FN:22,(anonymous_2)
FN:57,(anonymous_3)
FN:61,(anonymous_4)
FN:65,(anonymous_5)
FNF:6
FNH:0
FNDA:0,(anonymous_0)
FNDA:0,(anonymous_1)
FNDA:0,(anonymous_2)
FNDA:0,(anonymous_3)
FNDA:0,(anonymous_4)
FNDA:0,(anonymous_5)
DA:4,1
DA:5,0
DA:6,0
DA:7,0
DA:9,0
DA:10,0
DA:11,0
DA:15,0
DA:22,0
DA:57,0
DA:62,0
DA:65,0
LF:12
LH:1
BRDA:4,0,0,0
BRDA:4,1,0,0
BRDA:10,2,0,0
BRDA:10,2,1,0
BRDA:17,3,0,0
BRDA:17,3,1,0
BRDA:33,4,0,0
BRDA:33,4,1,0
BRDA:41,5,0,0
BRDA:41,5,1,0
BRF:10
BRH:0
end_of_record
TN:
SF:src\pages\AddProduct\AddProductModal.jsx
FN:13,AddProductModal
FN:37,(anonymous_1)
FN:38,(anonymous_2)
FN:40,(anonymous_3)
FN:49,(anonymous_4)
FN:53,(anonymous_5)
FN:57,(anonymous_6)
FN:64,(anonymous_7)
FN:70,(anonymous_8)
FN:82,(anonymous_9)
FN:128,(anonymous_10)
FN:192,(anonymous_11)
FN:197,(anonymous_12)
FN:205,(anonymous_13)
FN:209,(anonymous_14)
FNF:15
FNH:1
FNDA:6,AddProductModal
FNDA:0,(anonymous_1)
FNDA:0,(anonymous_2)
FNDA:0,(anonymous_3)
FNDA:0,(anonymous_4)
FNDA:0,(anonymous_5)
FNDA:0,(anonymous_6)
FNDA:0,(anonymous_7)
FNDA:0,(anonymous_8)
FNDA:0,(anonymous_9)
FNDA:0,(anonymous_10)
FNDA:0,(anonymous_11)
FNDA:0,(anonymous_12)
FNDA:0,(anonymous_13)
FNDA:0,(anonymous_14)
DA:11,1
DA:14,6
DA:16,6
DA:23,6
DA:24,6
DA:25,6
DA:26,6
DA:28,6
DA:37,6
DA:38,6
DA:40,6
DA:41,0
DA:42,0
DA:43,0
DA:44,0
DA:45,0
DA:49,6
DA:50,0
DA:53,6
DA:54,0
DA:57,6
DA:58,0
DA:59,0
DA:60,0
DA:61,0
DA:62,0
DA:63,0
DA:64,0
DA:67,0
DA:68,0
DA:69,0
DA:71,0
DA:75,0
DA:76,0
DA:77,0
DA:78,0
DA:81,0
DA:83,0
DA:87,0
DA:88,0
DA:89,0
DA:91,0
DA:97,0
DA:98,0
DA:99,0
DA:102,0
DA:109,0
DA:116,0
DA:117,0
DA:118,0
DA:121,0
DA:122,0
DA:124,0
DA:128,6
DA:129,0
DA:139,6
DA:193,0
DA:197,0
DA:206,0
DA:207,0
DA:208,0
DA:209,0
DA:211,0
DA:217,0
DA:218,0
DA:219,0
DA:221,0
DA:222,0
LF:68
LH:16
BRDA:41,0,0,0
BRDA:41,0,1,0
BRDA:67,1,0,0
BRDA:67,1,1,0
BRDA:71,2,0,0
BRDA:71,2,1,0
BRDA:75,3,0,0
BRDA:75,3,1,0
BRDA:83,4,0,0
BRDA:83,4,1,0
BRDA:87,5,0,0
BRDA:87,5,1,0
BRDA:186,6,0,6
BRDA:186,6,1,0
BRDA:189,7,0,0
BRDA:189,7,1,6
BRDA:237,8,0,0
BRDA:237,8,1,6
BRF:18
BRH:3
end_of_record
TN:
SF:src\pages\ChangeLog\ChangeLog.jsx
FN:10,(anonymous_0)
FN:24,(anonymous_1)
FN:37,(anonymous_2)
FN:42,(anonymous_3)
FN:61,(anonymous_4)
FN:71,(anonymous_5)
FN:82,(anonymous_6)
FN:83,(anonymous_7)
FN:100,(anonymous_8)
FN:104,(anonymous_9)
FN:116,(anonymous_10)
FN:117,(anonymous_11)
FN:128,(anonymous_12)
FN:140,(anonymous_13)
FN:142,(anonymous_14)
FN:145,(anonymous_15)
FN:192,(anonymous_16)
FNF:17
FNH:12
FNDA:5,(anonymous_0)
FNDA:0,(anonymous_1)
FNDA:0,(anonymous_2)
FNDA:0,(anonymous_3)
FNDA:0,(anonymous_4)
FNDA:0,(anonymous_5)
FNDA:2,(anonymous_6)
FNDA:2,(anonymous_7)
FNDA:2,(anonymous_8)
FNDA:2,(anonymous_9)
FNDA:2,(anonymous_10)
FNDA:2,(anonymous_11)
FNDA:2,(anonymous_12)
FNDA:1,(anonymous_13)
FNDA:1,(anonymous_14)
FNDA:6,(anonymous_15)
FNDA:15,(anonymous_16)
DA:10,1
DA:11,5
DA:12,5
DA:13,5
DA:20,5
DA:25,0
DA:26,0
DA:37,0
DA:43,0
DA:50,0
DA:62,0
DA:63,0
DA:72,0
DA:80,5
DA:82,5
DA:83,2
DA:84,2
DA:85,2
DA:86,2
DA:87,2
DA:88,2
DA:89,2
DA:90,2
DA:92,2
DA:94,2
DA:99,2
DA:101,2
DA:104,2
DA:115,2
DA:116,2
DA:117,2
DA:128,2
DA:129,2
DA:131,0
DA:133,2
DA:137,2
DA:140,5
DA:141,1
DA:142,1
DA:145,5
DA:147,6
DA:152,6
DA:154,6
DA:155,6
DA:156,6
DA:158,6
DA:161,5
DA:193,15
LF:48
LH:39
BRDA:52,0,0,0
BRDA:52,0,1,0
BRDA:64,1,0,0
BRDA:64,1,1,0
BRDA:101,2,0,2
BRDA:101,2,1,2
BRDA:101,2,2,0
BRDA:101,2,3,0
BRDA:107,3,0,2
BRDA:107,3,1,0
BRDA:109,4,0,2
BRDA:109,4,1,0
BRDA:109,5,0,2
BRDA:109,5,1,0
BRDA:110,6,0,2
BRDA:110,6,1,0
BRDA:111,7,0,2
BRDA:111,7,1,0
BRDA:116,8,0,2
BRDA:116,8,1,0
BRDA:120,9,0,2
BRDA:120,9,1,0
BRDA:122,10,0,2
BRDA:122,10,1,0
BRDA:123,11,0,0
BRDA:123,11,1,2
BRDA:124,12,0,2
BRDA:124,12,1,0
BRDA:147,13,0,6
BRDA:147,13,1,2
BRDA:147,13,2,1
BRDA:147,13,3,1
BRDA:152,14,0,6
BRDA:152,14,1,0
BRDA:155,15,0,6
BRDA:155,15,1,0
BRDA:156,16,0,6
BRDA:156,16,1,0
BRDA:158,17,0,6
BRDA:158,17,1,5
BRDA:158,17,2,5
BRDA:158,17,3,5
BRF:42
BRH:23
end_of_record
TN:
SF:src\pages\Dashboard\Dashboard.jsx
FN:20,(anonymous_0)
FN:35,(anonymous_1)
FN:36,(anonymous_2)
FN:47,(anonymous_3)
FN:48,(anonymous_4)
FN:49,(anonymous_5)
FN:54,(anonymous_6)
FN:73,(anonymous_7)
FN:79,(anonymous_8)
FN:86,(anonymous_9)
FN:100,(anonymous_10)
FN:104,(anonymous_11)
FN:125,(anonymous_12)
FN:127,(anonymous_13)
FN:148,(anonymous_14)
FN:149,(anonymous_15)
FN:151,(anonymous_16)
FN:155,(anonymous_17)
FN:160,(anonymous_18)
FN:183,(anonymous_19)
FN:206,(anonymous_20)
FN:257,(anonymous_21)
FN:275,(anonymous_22)
FNF:23
FNH:0
FNDA:0,(anonymous_0)
FNDA:0,(anonymous_1)
FNDA:0,(anonymous_2)
FNDA:0,(anonymous_3)
FNDA:0,(anonymous_4)
FNDA:0,(anonymous_5)
FNDA:0,(anonymous_6)
FNDA:0,(anonymous_7)
FNDA:0,(anonymous_8)
FNDA:0,(anonymous_9)
FNDA:0,(anonymous_10)
FNDA:0,(anonymous_11)
FNDA:0,(anonymous_12)
FNDA:0,(anonymous_13)
FNDA:0,(anonymous_14)
FNDA:0,(anonymous_15)
FNDA:0,(anonymous_16)
FNDA:0,(anonymous_17)
FNDA:0,(anonymous_18)
FNDA:0,(anonymous_19)
FNDA:0,(anonymous_20)
FNDA:0,(anonymous_21)
FNDA:0,(anonymous_22)
DA:20,1
DA:21,0
DA:22,0
DA:23,0
DA:24,0
DA:25,0
DA:26,0
DA:27,0
DA:28,0
DA:29,0
DA:31,0
DA:32,0
DA:35,0
DA:36,0
DA:38,0
DA:46,0
DA:47,0
DA:48,0
DA:49,0
DA:55,0
DA:71,0
DA:74,0
DA:79,0
DA:86,0
DA:95,0
DA:100,0
DA:101,0
DA:104,0
DA:105,0
DA:106,0
DA:107,0
DA:108,0
DA:109,0
DA:111,0
DA:112,0
DA:113,0
DA:115,0
DA:116,0
DA:118,0
DA:120,0
DA:125,0
DA:126,0
DA:127,0
DA:128,0
DA:129,0
DA:130,0
DA:131,0
DA:134,0
DA:139,0
DA:143,0
DA:145,0
DA:148,0
DA:149,0
DA:151,0
DA:152,0
DA:153,0
DA:155,0
DA:156,0
DA:157,0
DA:160,0
DA:161,0
DA:162,0
DA:163,0
DA:164,0
DA:165,0
DA:166,0
DA:167,0
DA:169,0
DA:172,0
DA:174,0
DA:176,0
DA:179,0
DA:183,0
DA:184,0
DA:185,0
DA:186,0
DA:187,0
DA:189,0
DA:190,0
DA:191,0
DA:192,0
DA:194,0
DA:206,0
DA:207,0
DA:208,0
DA:218,0
DA:219,0
DA:221,0
DA:222,0
DA:226,0
DA:257,0
DA:275,0
LF:92
LH:1
BRDA:47,0,0,0
BRDA:47,0,1,0
BRDA:48,1,0,0
BRDA:48,1,1,0
BRDA:49,2,0,0
BRDA:49,2,1,0
BRDA:58,3,0,0
BRDA:58,3,1,0
BRDA:60,4,0,0
BRDA:60,4,1,0
BRDA:95,5,0,0
BRDA:95,5,1,0
BRDA:95,6,0,0
BRDA:95,6,1,0
BRDA:109,7,0,0
BRDA:109,7,1,0
BRDA:116,8,0,0
BRDA:116,8,1,0
BRDA:128,9,0,0
BRDA:128,9,1,0
BRDA:129,10,0,0
BRDA:129,10,1,0
BRDA:130,11,0,0
BRDA:130,11,1,0
BRDA:131,12,0,0
BRDA:131,12,1,0
BRDA:134,13,0,0
BRDA:134,13,1,0
BRDA:134,13,2,0
BRDA:134,13,3,0
BRDA:139,14,0,0
BRDA:139,14,1,0
BRDA:143,15,0,0
BRDA:143,15,1,0
BRDA:162,16,0,0
BRDA:162,16,1,0
BRDA:166,17,0,0
BRDA:166,17,1,0
BRDA:167,18,0,0
BRDA:167,18,1,0
BRDA:187,19,0,0
BRDA:187,19,1,0
BRDA:260,20,0,0
BRDA:260,20,1,0
BRDA:260,20,2,0
BRDA:301,21,0,0
BRDA:301,21,1,0
BRF:47
BRH:0
end_of_record
TN:
SF:src\pages\ForgotPassword\ForgotPassword.jsx
FN:11,(anonymous_0)
FN:16,(anonymous_1)
FN:20,(anonymous_2)
FN:28,(anonymous_3)
FNF:4
FNH:3
FNDA:5,(anonymous_0)
FNDA:1,(anonymous_1)
FNDA:1,(anonymous_2)
FNDA:0,(anonymous_3)
DA:11,1
DA:12,5
DA:13,5
DA:14,5
DA:16,5
DA:17,1
DA:20,5
DA:21,1
DA:22,1
DA:24,1
DA:25,1
DA:26,0
DA:27,0
DA:28,0
DA:29,0
DA:32,1
DA:33,1
DA:35,1
DA:39,5
LF:19
LH:15
BRDA:82,0,0,1
BRDA:82,0,1,4
BRF:2
BRH:2
end_of_record
TN:
SF:src\services\authService.js
FN:433,(anonymous_0)
FN:465,(anonymous_1)
FN:471,(anonymous_2)
FN:477,(anonymous_3)
FN:482,(anonymous_4)
FN:485,(anonymous_5)
FN:492,(anonymous_6)
FN:504,(anonymous_7)
FN:523,(anonymous_8)
FN:540,(anonymous_9)
FNF:10
FNH:0
FNDA:0,(anonymous_0)
FNDA:0,(anonymous_1)
FNDA:0,(anonymous_2)
FNDA:0,(anonymous_3)
FNDA:0,(anonymous_4)
FNDA:0,(anonymous_5)
FNDA:0,(anonymous_6)
FNDA:0,(anonymous_7)
FNDA:0,(anonymous_8)
FNDA:0,(anonymous_9)
DA:429,2
DA:431,2
DA:434,0
DA:440,0
DA:441,0
DA:442,0
DA:445,0
DA:446,0
DA:448,0
DA:458,0
DA:459,0
DA:461,0
DA:466,0
DA:467,0
DA:472,0
DA:473,0
DA:478,0
DA:483,0
DA:486,0
DA:487,0
DA:488,0
DA:493,0
DA:494,0
DA:496,0
DA:497,0
DA:498,0
DA:500,0
DA:505,0
DA:511,0
DA:512,0
DA:513,0
DA:516,0
DA:517,0
DA:524,0
DA:530,0
DA:532,0
DA:533,0
DA:536,0
DA:541,0
DA:547,0
DA:548,0
DA:549,0
DA:552,0
DA:553,0
LF:44
LH:2
BRDA:440,0,0,0
BRDA:440,0,1,0
BRDA:451,1,0,0
BRDA:451,1,1,0
BRDA:452,2,0,0
BRDA:452,2,1,0
BRDA:453,3,0,0
BRDA:453,3,1,0
BRDA:454,4,0,0
BRDA:454,4,1,0
BRDA:455,5,0,0
BRDA:455,5,1,0
BRDA:473,6,0,0
BRDA:473,6,1,0
BRDA:487,7,0,0
BRDA:487,7,1,0
BRDA:494,8,0,0
BRDA:494,8,1,0
BRDA:511,9,0,0
BRDA:511,9,1,0
BRDA:517,10,0,0
BRDA:517,10,1,0
BRDA:532,11,0,0
BRDA:532,11,1,0
BRDA:533,12,0,0
BRDA:533,12,1,0
BRDA:547,13,0,0
BRDA:547,13,1,0
BRDA:553,14,0,0
BRDA:553,14,1,0
BRF:30
BRH:0
end_of_record
TN:
SF:src\services\axiosConfig.js
FN:8,(anonymous_0)
FN:15,(anonymous_1)
FNF:2
FNH:0
FNDA:0,(anonymous_0)
FNDA:0,(anonymous_1)
DA:3,1
DA:7,1
DA:9,0
DA:10,0
DA:11,0
DA:13,0
DA:15,0
LF:7
LH:2
BRDA:10,0,0,0
BRDA:10,0,1,0
BRF:2
BRH:0
end_of_record
